<?xml version="1.0" encoding="UTF-8"?>
<testsuite xmlns:xsi="http://www.w3.org/2001/XMLSchema-instance" xsi:noNamespaceSchemaLocation="https://maven.apache.org/surefire/maven-surefire-plugin/xsd/surefire-test-report-3.0.xsd" version="3.0" name="TestSuite" time="59.603" tests="110" errors="0" skipped="109" failures="1">
  <properties>
    <property name="java.specification.version" value="19"/>
    <property name="sun.cpu.isalist" value="amd64"/>
    <property name="sun.jnu.encoding" value="Cp1252"/>
    <property name="java.class.path" value="C:\Users\Ensx-pc\eclipse-workspace\xPalApp\target\test-classes;C:\Users\Ensx-pc\eclipse-workspace\xPalApp\target\classes;C:\Users\Ensx-pc\.m2\repository\io\appium\java-client\8.3.0\java-client-8.3.0.jar;C:\Users\Ensx-pc\.m2\repository\org\seleniumhq\selenium\selenium-api\4.10.0\selenium-api-4.10.0.jar;C:\Users\Ensx-pc\.m2\repository\org\seleniumhq\selenium\selenium-remote-driver\4.10.0\selenium-remote-driver-4.10.0.jar;C:\Users\Ensx-pc\.m2\repository\com\google\auto\service\auto-service-annotations\1.0.1\auto-service-annotations-1.0.1.jar;C:\Users\Ensx-pc\.m2\repository\com\google\auto\service\auto-service\1.0.1\auto-service-1.0.1.jar;C:\Users\Ensx-pc\.m2\repository\com\google\auto\auto-common\1.2\auto-common-1.2.jar;C:\Users\Ensx-pc\.m2\repository\com\google\guava\guava\31.1-jre\guava-31.1-jre.jar;C:\Users\Ensx-pc\.m2\repository\com\google\guava\failureaccess\1.0.1\failureaccess-1.0.1.jar;C:\Users\Ensx-pc\.m2\repository\com\google\guava\listenablefuture\9999.0-empty-to-avoid-conflict-with-guava\listenablefuture-9999.0-empty-to-avoid-conflict-with-guava.jar;C:\Users\Ensx-pc\.m2\repository\com\google\code\findbugs\jsr305\3.0.2\jsr305-3.0.2.jar;C:\Users\Ensx-pc\.m2\repository\org\checkerframework\checker-qual\3.12.0\checker-qual-3.12.0.jar;C:\Users\Ensx-pc\.m2\repository\com\google\errorprone\error_prone_annotations\2.11.0\error_prone_annotations-2.11.0.jar;C:\Users\Ensx-pc\.m2\repository\com\google\j2objc\j2objc-annotations\1.3\j2objc-annotations-1.3.jar;C:\Users\Ensx-pc\.m2\repository\io\netty\netty-buffer\4.1.92.Final\netty-buffer-4.1.92.Final.jar;C:\Users\Ensx-pc\.m2\repository\io\netty\netty-codec-http\4.1.92.Final\netty-codec-http-4.1.92.Final.jar;C:\Users\Ensx-pc\.m2\repository\io\netty\netty-codec\4.1.92.Final\netty-codec-4.1.92.Final.jar;C:\Users\Ensx-pc\.m2\repository\io\netty\netty-handler\4.1.92.Final\netty-handler-4.1.92.Final.jar;C:\Users\Ensx-pc\.m2\repository\io\netty\netty-common\4.1.92.Final\netty-common-4.1.92.Final.jar;C:\Users\Ensx-pc\.m2\repository\io\netty\netty-transport-classes-epoll\4.1.92.Final\netty-transport-classes-epoll-4.1.92.Final.jar;C:\Users\Ensx-pc\.m2\repository\io\netty\netty-transport-classes-kqueue\4.1.92.Final\netty-transport-classes-kqueue-4.1.92.Final.jar;C:\Users\Ensx-pc\.m2\repository\io\netty\netty-transport-native-epoll\4.1.92.Final\netty-transport-native-epoll-4.1.92.Final.jar;C:\Users\Ensx-pc\.m2\repository\io\netty\netty-transport-native-kqueue\4.1.92.Final\netty-transport-native-kqueue-4.1.92.Final.jar;C:\Users\Ensx-pc\.m2\repository\io\netty\netty-transport-native-unix-common\4.1.92.Final\netty-transport-native-unix-common-4.1.92.Final.jar;C:\Users\Ensx-pc\.m2\repository\io\netty\netty-transport\4.1.92.Final\netty-transport-4.1.92.Final.jar;C:\Users\Ensx-pc\.m2\repository\io\netty\netty-resolver\4.1.92.Final\netty-resolver-4.1.92.Final.jar;C:\Users\Ensx-pc\.m2\repository\io\opentelemetry\opentelemetry-api\1.26.0\opentelemetry-api-1.26.0.jar;C:\Users\Ensx-pc\.m2\repository\io\opentelemetry\opentelemetry-context\1.26.0\opentelemetry-context-1.26.0.jar;C:\Users\Ensx-pc\.m2\repository\io\opentelemetry\opentelemetry-exporter-logging\1.26.0\opentelemetry-exporter-logging-1.26.0.jar;C:\Users\Ensx-pc\.m2\repository\io\opentelemetry\opentelemetry-sdk-metrics\1.26.0\opentelemetry-sdk-metrics-1.26.0.jar;C:\Users\Ensx-pc\.m2\repository\io\opentelemetry\opentelemetry-extension-incubator\1.26.0-alpha\opentelemetry-extension-incubator-1.26.0-alpha.jar;C:\Users\Ensx-pc\.m2\repository\io\opentelemetry\opentelemetry-sdk-logs\1.26.0-alpha\opentelemetry-sdk-logs-1.26.0-alpha.jar;C:\Users\Ensx-pc\.m2\repository\io\opentelemetry\opentelemetry-api-logs\1.26.0-alpha\opentelemetry-api-logs-1.26.0-alpha.jar;C:\Users\Ensx-pc\.m2\repository\io\opentelemetry\opentelemetry-api-events\1.26.0-alpha\opentelemetry-api-events-1.26.0-alpha.jar;C:\Users\Ensx-pc\.m2\repository\io\opentelemetry\opentelemetry-sdk-common\1.26.0\opentelemetry-sdk-common-1.26.0.jar;C:\Users\Ensx-pc\.m2\repository\io\opentelemetry\opentelemetry-sdk-extension-autoconfigure-spi\1.26.0\opentelemetry-sdk-extension-autoconfigure-spi-1.26.0.jar;C:\Users\Ensx-pc\.m2\repository\io\opentelemetry\opentelemetry-sdk-extension-autoconfigure\1.26.0-alpha\opentelemetry-sdk-extension-autoconfigure-1.26.0-alpha.jar;C:\Users\Ensx-pc\.m2\repository\io\opentelemetry\opentelemetry-sdk-trace\1.26.0\opentelemetry-sdk-trace-1.26.0.jar;C:\Users\Ensx-pc\.m2\repository\io\opentelemetry\opentelemetry-sdk\1.26.0\opentelemetry-sdk-1.26.0.jar;C:\Users\Ensx-pc\.m2\repository\io\opentelemetry\opentelemetry-semconv\1.26.0-alpha\opentelemetry-semconv-1.26.0-alpha.jar;C:\Users\Ensx-pc\.m2\repository\net\bytebuddy\byte-buddy\1.14.4\byte-buddy-1.14.4.jar;C:\Users\Ensx-pc\.m2\repository\org\apache\commons\commons-exec\1.3\commons-exec-1.3.jar;C:\Users\Ensx-pc\.m2\repository\org\asynchttpclient\async-http-client\2.12.3\async-http-client-2.12.3.jar;C:\Users\Ensx-pc\.m2\repository\org\asynchttpclient\async-http-client-netty-utils\2.12.3\async-http-client-netty-utils-2.12.3.jar;C:\Users\Ensx-pc\.m2\repository\io\netty\netty-codec-socks\4.1.60.Final\netty-codec-socks-4.1.60.Final.jar;C:\Users\Ensx-pc\.m2\repository\io\netty\netty-handler-proxy\4.1.60.Final\netty-handler-proxy-4.1.60.Final.jar;C:\Users\Ensx-pc\.m2\repository\io\netty\netty-transport-native-epoll\4.1.60.Final\netty-transport-native-epoll-4.1.60.Final-linux-x86_64.jar;C:\Users\Ensx-pc\.m2\repository\io\netty\netty-transport-native-kqueue\4.1.60.Final\netty-transport-native-kqueue-4.1.60.Final-osx-x86_64.jar;C:\Users\Ensx-pc\.m2\repository\org\reactivestreams\reactive-streams\1.0.3\reactive-streams-1.0.3.jar;C:\Users\Ensx-pc\.m2\repository\com\typesafe\netty\netty-reactive-streams\2.0.4\netty-reactive-streams-2.0.4.jar;C:\Users\Ensx-pc\.m2\repository\com\sun\activation\jakarta.activation\1.2.2\jakarta.activation-1.2.2.jar;C:\Users\Ensx-pc\.m2\repository\org\seleniumhq\selenium\selenium-http\4.10.0\selenium-http-4.10.0.jar;C:\Users\Ensx-pc\.m2\repository\dev\failsafe\failsafe\3.3.1\failsafe-3.3.1.jar;C:\Users\Ensx-pc\.m2\repository\org\seleniumhq\selenium\selenium-json\4.10.0\selenium-json-4.10.0.jar;C:\Users\Ensx-pc\.m2\repository\org\seleniumhq\selenium\selenium-manager\4.10.0\selenium-manager-4.10.0.jar;C:\Users\Ensx-pc\.m2\repository\org\seleniumhq\selenium\selenium-support\4.10.0\selenium-support-4.10.0.jar;C:\Users\Ensx-pc\.m2\repository\com\google\code\gson\gson\2.10\gson-2.10.jar;C:\Users\Ensx-pc\.m2\repository\cglib\cglib\3.3.0\cglib-3.3.0.jar;C:\Users\Ensx-pc\.m2\repository\org\ow2\asm\asm\7.1\asm-7.1.jar;C:\Users\Ensx-pc\.m2\repository\commons-validator\commons-validator\1.7\commons-validator-1.7.jar;C:\Users\Ensx-pc\.m2\repository\commons-beanutils\commons-beanutils\1.9.4\commons-beanutils-1.9.4.jar;C:\Users\Ensx-pc\.m2\repository\commons-digester\commons-digester\2.1\commons-digester-2.1.jar;C:\Users\Ensx-pc\.m2\repository\commons-logging\commons-logging\1.2\commons-logging-1.2.jar;C:\Users\Ensx-pc\.m2\repository\commons-collections\commons-collections\3.2.2\commons-collections-3.2.2.jar;C:\Users\Ensx-pc\.m2\repository\org\apache\commons\commons-lang3\3.12.0\commons-lang3-3.12.0.jar;C:\Users\Ensx-pc\.m2\repository\org\slf4j\slf4j-api\2.0.5\slf4j-api-2.0.5.jar;C:\Users\Ensx-pc\.m2\repository\com\fasterxml\jackson\core\jackson-databind\2.14.2\jackson-databind-2.14.2.jar;C:\Users\Ensx-pc\.m2\repository\com\fasterxml\jackson\core\jackson-annotations\2.14.2\jackson-annotations-2.14.2.jar;C:\Users\Ensx-pc\.m2\repository\com\fasterxml\jackson\core\jackson-core\2.14.2\jackson-core-2.14.2.jar;C:\Users\Ensx-pc\.m2\repository\org\seleniumhq\selenium\selenium-java\4.9.1\selenium-java-4.9.1.jar;C:\Users\Ensx-pc\.m2\repository\org\seleniumhq\selenium\selenium-chrome-driver\4.9.1\selenium-chrome-driver-4.9.1.jar;C:\Users\Ensx-pc\.m2\repository\org\seleniumhq\selenium\selenium-chromium-driver\4.9.1\selenium-chromium-driver-4.9.1.jar;C:\Users\Ensx-pc\.m2\repository\org\seleniumhq\selenium\selenium-devtools-v111\4.9.1\selenium-devtools-v111-4.9.1.jar;C:\Users\Ensx-pc\.m2\repository\org\seleniumhq\selenium\selenium-devtools-v112\4.9.1\selenium-devtools-v112-4.9.1.jar;C:\Users\Ensx-pc\.m2\repository\org\seleniumhq\selenium\selenium-devtools-v113\4.9.1\selenium-devtools-v113-4.9.1.jar;C:\Users\Ensx-pc\.m2\repository\org\seleniumhq\selenium\selenium-devtools-v85\4.9.1\selenium-devtools-v85-4.9.1.jar;C:\Users\Ensx-pc\.m2\repository\org\seleniumhq\selenium\selenium-edge-driver\4.9.1\selenium-edge-driver-4.9.1.jar;C:\Users\Ensx-pc\.m2\repository\org\seleniumhq\selenium\selenium-firefox-driver\4.9.1\selenium-firefox-driver-4.9.1.jar;C:\Users\Ensx-pc\.m2\repository\org\seleniumhq\selenium\selenium-ie-driver\4.9.1\selenium-ie-driver-4.9.1.jar;C:\Users\Ensx-pc\.m2\repository\org\seleniumhq\selenium\selenium-safari-driver\4.9.1\selenium-safari-driver-4.9.1.jar;C:\Users\Ensx-pc\.m2\repository\org\testng\testng\7.7.1\testng-7.7.1.jar;C:\Users\Ensx-pc\.m2\repository\com\beust\jcommander\1.82\jcommander-1.82.jar;C:\Users\Ensx-pc\.m2\repository\org\webjars\jquery\3.6.1\jquery-3.6.1.jar;C:\Users\Ensx-pc\.m2\repository\com\aventstack\extentreports\4.1.7\extentreports-4.1.7.jar;C:\Users\Ensx-pc\.m2\repository\org\freemarker\freemarker\2.3.29\freemarker-2.3.29.jar;C:\Users\Ensx-pc\.m2\repository\org\apache\httpcomponents\httpclient\4.5.2\httpclient-4.5.2.jar;C:\Users\Ensx-pc\.m2\repository\org\apache\httpcomponents\httpcore\4.4.4\httpcore-4.4.4.jar;C:\Users\Ensx-pc\.m2\repository\commons-codec\commons-codec\1.9\commons-codec-1.9.jar;C:\Users\Ensx-pc\.m2\repository\org\apache\httpcomponents\httpmime\4.5.2\httpmime-4.5.2.jar;C:\Users\Ensx-pc\.m2\repository\org\mongodb\mongodb-driver\3.12.0\mongodb-driver-3.12.0.jar;C:\Users\Ensx-pc\.m2\repository\org\mongodb\mongodb-driver-core\3.12.0\mongodb-driver-core-3.12.0.jar;C:\Users\Ensx-pc\.m2\repository\org\mongodb\bson\3.12.0\bson-3.12.0.jar;C:\Users\Ensx-pc\.m2\repository\commons-io\commons-io\2.11.0\commons-io-2.11.0.jar;"/>
    <property name="java.vm.vendor" value="Oracle Corporation"/>
    <property name="sun.arch.data.model" value="64"/>
    <property name="user.variant" value=""/>
    <property name="java.vendor.url" value="https://java.oracle.com/"/>
    <property name="user.timezone" value="Asia/Karachi"/>
    <property name="os.name" value="Windows 10"/>
    <property name="java.vm.specification.version" value="19"/>
    <property name="sun.java.launcher" value="SUN_STANDARD"/>
    <property name="user.country" value="US"/>
    <property name="sun.boot.library.path" value="C:\Program Files\Java\jdk-19\bin"/>
    <property name="sun.java.command" value="C:\Users\Ensx-pc\AppData\Local\Temp\surefire3778411984694519108\surefirebooter-20230609211354753_3.jar C:\Users\Ensx-pc\AppData\Local\Temp\surefire3778411984694519108 2023-06-09T21-13-52_566-jvmRun1 surefire-20230609211354753_1tmp surefire_0-20230609211354753_2tmp"/>
    <property name="jdk.debug" value="release"/>
    <property name="surefire.test.class.path" value="C:\Users\Ensx-pc\eclipse-workspace\xPalApp\target\test-classes;C:\Users\Ensx-pc\eclipse-workspace\xPalApp\target\classes;C:\Users\Ensx-pc\.m2\repository\io\appium\java-client\8.3.0\java-client-8.3.0.jar;C:\Users\Ensx-pc\.m2\repository\org\seleniumhq\selenium\selenium-api\4.10.0\selenium-api-4.10.0.jar;C:\Users\Ensx-pc\.m2\repository\org\seleniumhq\selenium\selenium-remote-driver\4.10.0\selenium-remote-driver-4.10.0.jar;C:\Users\Ensx-pc\.m2\repository\com\google\auto\service\auto-service-annotations\1.0.1\auto-service-annotations-1.0.1.jar;C:\Users\Ensx-pc\.m2\repository\com\google\auto\service\auto-service\1.0.1\auto-service-1.0.1.jar;C:\Users\Ensx-pc\.m2\repository\com\google\auto\auto-common\1.2\auto-common-1.2.jar;C:\Users\Ensx-pc\.m2\repository\com\google\guava\guava\31.1-jre\guava-31.1-jre.jar;C:\Users\Ensx-pc\.m2\repository\com\google\guava\failureaccess\1.0.1\failureaccess-1.0.1.jar;C:\Users\Ensx-pc\.m2\repository\com\google\guava\listenablefuture\9999.0-empty-to-avoid-conflict-with-guava\listenablefuture-9999.0-empty-to-avoid-conflict-with-guava.jar;C:\Users\Ensx-pc\.m2\repository\com\google\code\findbugs\jsr305\3.0.2\jsr305-3.0.2.jar;C:\Users\Ensx-pc\.m2\repository\org\checkerframework\checker-qual\3.12.0\checker-qual-3.12.0.jar;C:\Users\Ensx-pc\.m2\repository\com\google\errorprone\error_prone_annotations\2.11.0\error_prone_annotations-2.11.0.jar;C:\Users\Ensx-pc\.m2\repository\com\google\j2objc\j2objc-annotations\1.3\j2objc-annotations-1.3.jar;C:\Users\Ensx-pc\.m2\repository\io\netty\netty-buffer\4.1.92.Final\netty-buffer-4.1.92.Final.jar;C:\Users\Ensx-pc\.m2\repository\io\netty\netty-codec-http\4.1.92.Final\netty-codec-http-4.1.92.Final.jar;C:\Users\Ensx-pc\.m2\repository\io\netty\netty-codec\4.1.92.Final\netty-codec-4.1.92.Final.jar;C:\Users\Ensx-pc\.m2\repository\io\netty\netty-handler\4.1.92.Final\netty-handler-4.1.92.Final.jar;C:\Users\Ensx-pc\.m2\repository\io\netty\netty-common\4.1.92.Final\netty-common-4.1.92.Final.jar;C:\Users\Ensx-pc\.m2\repository\io\netty\netty-transport-classes-epoll\4.1.92.Final\netty-transport-classes-epoll-4.1.92.Final.jar;C:\Users\Ensx-pc\.m2\repository\io\netty\netty-transport-classes-kqueue\4.1.92.Final\netty-transport-classes-kqueue-4.1.92.Final.jar;C:\Users\Ensx-pc\.m2\repository\io\netty\netty-transport-native-epoll\4.1.92.Final\netty-transport-native-epoll-4.1.92.Final.jar;C:\Users\Ensx-pc\.m2\repository\io\netty\netty-transport-native-kqueue\4.1.92.Final\netty-transport-native-kqueue-4.1.92.Final.jar;C:\Users\Ensx-pc\.m2\repository\io\netty\netty-transport-native-unix-common\4.1.92.Final\netty-transport-native-unix-common-4.1.92.Final.jar;C:\Users\Ensx-pc\.m2\repository\io\netty\netty-transport\4.1.92.Final\netty-transport-4.1.92.Final.jar;C:\Users\Ensx-pc\.m2\repository\io\netty\netty-resolver\4.1.92.Final\netty-resolver-4.1.92.Final.jar;C:\Users\Ensx-pc\.m2\repository\io\opentelemetry\opentelemetry-api\1.26.0\opentelemetry-api-1.26.0.jar;C:\Users\Ensx-pc\.m2\repository\io\opentelemetry\opentelemetry-context\1.26.0\opentelemetry-context-1.26.0.jar;C:\Users\Ensx-pc\.m2\repository\io\opentelemetry\opentelemetry-exporter-logging\1.26.0\opentelemetry-exporter-logging-1.26.0.jar;C:\Users\Ensx-pc\.m2\repository\io\opentelemetry\opentelemetry-sdk-metrics\1.26.0\opentelemetry-sdk-metrics-1.26.0.jar;C:\Users\Ensx-pc\.m2\repository\io\opentelemetry\opentelemetry-extension-incubator\1.26.0-alpha\opentelemetry-extension-incubator-1.26.0-alpha.jar;C:\Users\Ensx-pc\.m2\repository\io\opentelemetry\opentelemetry-sdk-logs\1.26.0-alpha\opentelemetry-sdk-logs-1.26.0-alpha.jar;C:\Users\Ensx-pc\.m2\repository\io\opentelemetry\opentelemetry-api-logs\1.26.0-alpha\opentelemetry-api-logs-1.26.0-alpha.jar;C:\Users\Ensx-pc\.m2\repository\io\opentelemetry\opentelemetry-api-events\1.26.0-alpha\opentelemetry-api-events-1.26.0-alpha.jar;C:\Users\Ensx-pc\.m2\repository\io\opentelemetry\opentelemetry-sdk-common\1.26.0\opentelemetry-sdk-common-1.26.0.jar;C:\Users\Ensx-pc\.m2\repository\io\opentelemetry\opentelemetry-sdk-extension-autoconfigure-spi\1.26.0\opentelemetry-sdk-extension-autoconfigure-spi-1.26.0.jar;C:\Users\Ensx-pc\.m2\repository\io\opentelemetry\opentelemetry-sdk-extension-autoconfigure\1.26.0-alpha\opentelemetry-sdk-extension-autoconfigure-1.26.0-alpha.jar;C:\Users\Ensx-pc\.m2\repository\io\opentelemetry\opentelemetry-sdk-trace\1.26.0\opentelemetry-sdk-trace-1.26.0.jar;C:\Users\Ensx-pc\.m2\repository\io\opentelemetry\opentelemetry-sdk\1.26.0\opentelemetry-sdk-1.26.0.jar;C:\Users\Ensx-pc\.m2\repository\io\opentelemetry\opentelemetry-semconv\1.26.0-alpha\opentelemetry-semconv-1.26.0-alpha.jar;C:\Users\Ensx-pc\.m2\repository\net\bytebuddy\byte-buddy\1.14.4\byte-buddy-1.14.4.jar;C:\Users\Ensx-pc\.m2\repository\org\apache\commons\commons-exec\1.3\commons-exec-1.3.jar;C:\Users\Ensx-pc\.m2\repository\org\asynchttpclient\async-http-client\2.12.3\async-http-client-2.12.3.jar;C:\Users\Ensx-pc\.m2\repository\org\asynchttpclient\async-http-client-netty-utils\2.12.3\async-http-client-netty-utils-2.12.3.jar;C:\Users\Ensx-pc\.m2\repository\io\netty\netty-codec-socks\4.1.60.Final\netty-codec-socks-4.1.60.Final.jar;C:\Users\Ensx-pc\.m2\repository\io\netty\netty-handler-proxy\4.1.60.Final\netty-handler-proxy-4.1.60.Final.jar;C:\Users\Ensx-pc\.m2\repository\io\netty\netty-transport-native-epoll\4.1.60.Final\netty-transport-native-epoll-4.1.60.Final-linux-x86_64.jar;C:\Users\Ensx-pc\.m2\repository\io\netty\netty-transport-native-kqueue\4.1.60.Final\netty-transport-native-kqueue-4.1.60.Final-osx-x86_64.jar;C:\Users\Ensx-pc\.m2\repository\org\reactivestreams\reactive-streams\1.0.3\reactive-streams-1.0.3.jar;C:\Users\Ensx-pc\.m2\repository\com\typesafe\netty\netty-reactive-streams\2.0.4\netty-reactive-streams-2.0.4.jar;C:\Users\Ensx-pc\.m2\repository\com\sun\activation\jakarta.activation\1.2.2\jakarta.activation-1.2.2.jar;C:\Users\Ensx-pc\.m2\repository\org\seleniumhq\selenium\selenium-http\4.10.0\selenium-http-4.10.0.jar;C:\Users\Ensx-pc\.m2\repository\dev\failsafe\failsafe\3.3.1\failsafe-3.3.1.jar;C:\Users\Ensx-pc\.m2\repository\org\seleniumhq\selenium\selenium-json\4.10.0\selenium-json-4.10.0.jar;C:\Users\Ensx-pc\.m2\repository\org\seleniumhq\selenium\selenium-manager\4.10.0\selenium-manager-4.10.0.jar;C:\Users\Ensx-pc\.m2\repository\org\seleniumhq\selenium\selenium-support\4.10.0\selenium-support-4.10.0.jar;C:\Users\Ensx-pc\.m2\repository\com\google\code\gson\gson\2.10\gson-2.10.jar;C:\Users\Ensx-pc\.m2\repository\cglib\cglib\3.3.0\cglib-3.3.0.jar;C:\Users\Ensx-pc\.m2\repository\org\ow2\asm\asm\7.1\asm-7.1.jar;C:\Users\Ensx-pc\.m2\repository\commons-validator\commons-validator\1.7\commons-validator-1.7.jar;C:\Users\Ensx-pc\.m2\repository\commons-beanutils\commons-beanutils\1.9.4\commons-beanutils-1.9.4.jar;C:\Users\Ensx-pc\.m2\repository\commons-digester\commons-digester\2.1\commons-digester-2.1.jar;C:\Users\Ensx-pc\.m2\repository\commons-logging\commons-logging\1.2\commons-logging-1.2.jar;C:\Users\Ensx-pc\.m2\repository\commons-collections\commons-collections\3.2.2\commons-collections-3.2.2.jar;C:\Users\Ensx-pc\.m2\repository\org\apache\commons\commons-lang3\3.12.0\commons-lang3-3.12.0.jar;C:\Users\Ensx-pc\.m2\repository\org\slf4j\slf4j-api\2.0.5\slf4j-api-2.0.5.jar;C:\Users\Ensx-pc\.m2\repository\com\fasterxml\jackson\core\jackson-databind\2.14.2\jackson-databind-2.14.2.jar;C:\Users\Ensx-pc\.m2\repository\com\fasterxml\jackson\core\jackson-annotations\2.14.2\jackson-annotations-2.14.2.jar;C:\Users\Ensx-pc\.m2\repository\com\fasterxml\jackson\core\jackson-core\2.14.2\jackson-core-2.14.2.jar;C:\Users\Ensx-pc\.m2\repository\org\seleniumhq\selenium\selenium-java\4.9.1\selenium-java-4.9.1.jar;C:\Users\Ensx-pc\.m2\repository\org\seleniumhq\selenium\selenium-chrome-driver\4.9.1\selenium-chrome-driver-4.9.1.jar;C:\Users\Ensx-pc\.m2\repository\org\seleniumhq\selenium\selenium-chromium-driver\4.9.1\selenium-chromium-driver-4.9.1.jar;C:\Users\Ensx-pc\.m2\repository\org\seleniumhq\selenium\selenium-devtools-v111\4.9.1\selenium-devtools-v111-4.9.1.jar;C:\Users\Ensx-pc\.m2\repository\org\seleniumhq\selenium\selenium-devtools-v112\4.9.1\selenium-devtools-v112-4.9.1.jar;C:\Users\Ensx-pc\.m2\repository\org\seleniumhq\selenium\selenium-devtools-v113\4.9.1\selenium-devtools-v113-4.9.1.jar;C:\Users\Ensx-pc\.m2\repository\org\seleniumhq\selenium\selenium-devtools-v85\4.9.1\selenium-devtools-v85-4.9.1.jar;C:\Users\Ensx-pc\.m2\repository\org\seleniumhq\selenium\selenium-edge-driver\4.9.1\selenium-edge-driver-4.9.1.jar;C:\Users\Ensx-pc\.m2\repository\org\seleniumhq\selenium\selenium-firefox-driver\4.9.1\selenium-firefox-driver-4.9.1.jar;C:\Users\Ensx-pc\.m2\repository\org\seleniumhq\selenium\selenium-ie-driver\4.9.1\selenium-ie-driver-4.9.1.jar;C:\Users\Ensx-pc\.m2\repository\org\seleniumhq\selenium\selenium-safari-driver\4.9.1\selenium-safari-driver-4.9.1.jar;C:\Users\Ensx-pc\.m2\repository\org\testng\testng\7.7.1\testng-7.7.1.jar;C:\Users\Ensx-pc\.m2\repository\com\beust\jcommander\1.82\jcommander-1.82.jar;C:\Users\Ensx-pc\.m2\repository\org\webjars\jquery\3.6.1\jquery-3.6.1.jar;C:\Users\Ensx-pc\.m2\repository\com\aventstack\extentreports\4.1.7\extentreports-4.1.7.jar;C:\Users\Ensx-pc\.m2\repository\org\freemarker\freemarker\2.3.29\freemarker-2.3.29.jar;C:\Users\Ensx-pc\.m2\repository\org\apache\httpcomponents\httpclient\4.5.2\httpclient-4.5.2.jar;C:\Users\Ensx-pc\.m2\repository\org\apache\httpcomponents\httpcore\4.4.4\httpcore-4.4.4.jar;C:\Users\Ensx-pc\.m2\repository\commons-codec\commons-codec\1.9\commons-codec-1.9.jar;C:\Users\Ensx-pc\.m2\repository\org\apache\httpcomponents\httpmime\4.5.2\httpmime-4.5.2.jar;C:\Users\Ensx-pc\.m2\repository\org\mongodb\mongodb-driver\3.12.0\mongodb-driver-3.12.0.jar;C:\Users\Ensx-pc\.m2\repository\org\mongodb\mongodb-driver-core\3.12.0\mongodb-driver-core-3.12.0.jar;C:\Users\Ensx-pc\.m2\repository\org\mongodb\bson\3.12.0\bson-3.12.0.jar;C:\Users\Ensx-pc\.m2\repository\commons-io\commons-io\2.11.0\commons-io-2.11.0.jar;"/>
    <property name="sun.cpu.endian" value="little"/>
    <property name="user.home" value="C:\Users\Ensx-pc"/>
    <property name="user.language" value="en"/>
    <property name="java.specification.vendor" value="Oracle Corporation"/>
    <property name="java.version.date" value="2022-10-18"/>
    <property name="java.home" value="C:\Program Files\Java\jdk-19"/>
    <property name="file.separator" value="\"/>
    <property name="basedir" value="C:\Users\Ensx-pc\eclipse-workspace\xPalApp"/>
    <property name="java.vm.compressedOopsMode" value="Zero based"/>
    <property name="line.separator" value="&#10;"/>
    <property name="java.vm.specification.vendor" value="Oracle Corporation"/>
    <property name="java.specification.name" value="Java Platform API Specification"/>
    <property name="surefire.real.class.path" value="C:\Users\Ensx-pc\AppData\Local\Temp\surefire3778411984694519108\surefirebooter-20230609211354753_3.jar"/>
    <property name="user.script" value=""/>
    <property name="sun.management.compiler" value="HotSpot 64-Bit Tiered Compilers"/>
    <property name="java.runtime.version" value="19.0.1+10-21"/>
    <property name="user.name" value="Ensx-pc"/>
    <property name="stdout.encoding" value="Cp1252"/>
    <property name="path.separator" value=";"/>
    <property name="os.version" value="10.0"/>
    <property name="java.runtime.name" value="Java(TM) SE Runtime Environment"/>
    <property name="file.encoding" value="UTF-8"/>
    <property name="java.vm.name" value="Java HotSpot(TM) 64-Bit Server VM"/>
    <property name="localRepository" value="C:\Users\Ensx-pc\.m2\repository"/>
    <property name="java.vendor.url.bug" value="https://bugreport.java.com/bugreport/"/>
    <property name="java.io.tmpdir" value="C:\Users\Ensx-pc\AppData\Local\Temp\"/>
    <property name="java.version" value="19.0.1"/>
    <property name="user.dir" value="C:\Users\Ensx-pc\eclipse-workspace\xPalApp"/>
    <property name="os.arch" value="amd64"/>
    <property name="java.vm.specification.name" value="Java Virtual Machine Specification"/>
    <property name="sun.os.patch.level" value=""/>
    <property name="native.encoding" value="Cp1252"/>
    <property name="java.library.path" value="C:\Program Files\Java\jdk-19\bin;C:\WINDOWS\Sun\Java\bin;C:\WINDOWS\system32;C:\WINDOWS;C:\Program Files\Common Files\Oracle\Java\javapath;C:\WINDOWS\system32;C:\WINDOWS;C:\WINDOWS\System32\Wbem;C:\WINDOWS\System32\WindowsPowerShell\v1.0\;C:\WINDOWS\System32\OpenSSH\;C:\Program Files\nodejs\;C:\Users\Ensx-pc\AppData\Local\Android\Sdk\tools\bin;C:\Users\Ensx-pc\AppData\Local\Android\Sdk\tools;C:\Users\Ensx-pc\AppData\Local\Android\Sdk\platform-tools;C:\Program Files\nodejs\node_modules\npm\bin;C:\Program Files\Git\cmd;C:\Users\Ensx-pc\AppData\Local\Microsoft\WindowsApps;C:\Users\Ensx-pc\AppData\Roaming\npm;C:\Program Files\Maven\apache-maven-3.9.2\bin;;."/>
    <property name="java.vm.info" value="mixed mode, sharing"/>
    <property name="stderr.encoding" value="Cp1252"/>
    <property name="java.vendor" value="Oracle Corporation"/>
    <property name="java.vm.version" value="19.0.1+10-21"/>
    <property name="sun.io.unicode.encoding" value="UnicodeLittle"/>
    <property name="java.class.version" value="63.0"/>
  </properties>
  <testcase name="Setup" classname="testcases.VideoCallTest" time="58.707">
    <failure message="Could not start a new session. Response code 500. Message: An unknown server-side error occurred while processing the command. Original error: Device 06081330BT105920 was not in the list of connected devices &#10;Host info: host: &apos;DESKTOP-P3MLEV3&apos;, ip: &apos;192.168.100.68&apos;&#10;Build info: version: &apos;4.10.0&apos;, revision: &apos;c14d967899&apos;&#10;System info: os.name: &apos;Windows 10&apos;, os.arch: &apos;amd64&apos;, os.version: &apos;10.0&apos;, java.version: &apos;19.0.1&apos;&#10;Driver info: io.appium.java_client.android.AndroidDriver&#10;Command: [null, newSession {capabilities=[{appium:systemPort=9000, appium:udid=06081330BT105920, appium:autoGrantPermissions=true, appium:newCommandTimeout=90, platformName=ANDROID, appium:automationName=UIAutomator2, appium:app=C:\Users\Ensx-pc\eclipse-workspace\xPalApp\src\test\java\resources\app-debug.apk}], desiredCapabilities=Capabilities {appium:app: C:\Users\Ensx-pc\eclipse-wo..., appium:autoGrantPermissions: true, appium:automationName: UIAutomator2, appium:newCommandTimeout: 90, appium:systemPort: 9000, appium:udid: 06081330BT105920, platformName: ANDROID}}]&#10;Capabilities {appium:app: C:\Users\Ensx-pc\eclipse-wo..., appium:autoGrantPermissions: true, appium:automationName: UIAutomator2, appium:newCommandTimeout: 90, appium:systemPort: 9000, appium:udid: 06081330BT105920, platformName: ANDROID}" type="org.openqa.selenium.SessionNotCreatedException"><![CDATA[org.openqa.selenium.SessionNotCreatedException: 
Could not start a new session. Response code 500. Message: An unknown server-side error occurred while processing the command. Original error: Device 06081330BT105920 was not in the list of connected devices 
Host info: host: 'DESKTOP-P3MLEV3', ip: '192.168.100.68'
Build info: version: '4.10.0', revision: 'c14d967899'
System info: os.name: 'Windows 10', os.arch: 'amd64', os.version: '10.0', java.version: '19.0.1'
Driver info: io.appium.java_client.android.AndroidDriver
Command: [null, newSession {capabilities=[{appium:systemPort=9000, appium:udid=06081330BT105920, appium:autoGrantPermissions=true, appium:newCommandTimeout=90, platformName=ANDROID, appium:automationName=UIAutomator2, appium:app=C:\Users\Ensx-pc\eclipse-workspace\xPalApp\src\test\java\resources\app-debug.apk}], desiredCapabilities=Capabilities {appium:app: C:\Users\Ensx-pc\eclipse-wo..., appium:autoGrantPermissions: true, appium:automationName: UIAutomator2, appium:newCommandTimeout: 90, appium:systemPort: 9000, appium:udid: 06081330BT105920, platformName: ANDROID}}]
Capabilities {appium:app: C:\Users\Ensx-pc\eclipse-wo..., appium:autoGrantPermissions: true, appium:automationName: UIAutomator2, appium:newCommandTimeout: 90, appium:systemPort: 9000, appium:udid: 06081330BT105920, platformName: ANDROID}
	at org.openqa.selenium.remote.ProtocolHandshake.createSession(ProtocolHandshake.java:140)
	at java.base/jdk.internal.reflect.DirectMethodHandleAccessor.invoke(DirectMethodHandleAccessor.java:104)
	at java.base/java.lang.reflect.Method.invoke(Method.java:578)
	at io.appium.java_client.remote.AppiumProtocolHandshake.createSession(AppiumProtocolHandshake.java:133)
	at io.appium.java_client.remote.AppiumProtocolHandshake.createSession(AppiumProtocolHandshake.java:102)
	at io.appium.java_client.remote.AppiumCommandExecutor.createSession(AppiumCommandExecutor.java:194)
	at io.appium.java_client.remote.AppiumCommandExecutor.execute(AppiumCommandExecutor.java:262)
	at org.openqa.selenium.remote.RemoteWebDriver.execute(RemoteWebDriver.java:531)
	at io.appium.java_client.AppiumDriver.startSession(AppiumDriver.java:229)
	at org.openqa.selenium.remote.RemoteWebDriver.<init>(RemoteWebDriver.java:154)
	at io.appium.java_client.AppiumDriver.<init>(AppiumDriver.java:80)
	at io.appium.java_client.AppiumDriver.<init>(AppiumDriver.java:92)
	at io.appium.java_client.android.AndroidDriver.<init>(AndroidDriver.java:117)
	at testcases.VideoCallTest.Setup(VideoCallTest.java:59)
	at java.base/jdk.internal.reflect.DirectMethodHandleAccessor.invoke(DirectMethodHandleAccessor.java:104)
	at java.base/java.lang.reflect.Method.invoke(Method.java:578)
	at org.testng.internal.invokers.MethodInvocationHelper.invokeMethod(MethodInvocationHelper.java:139)
	at org.testng.internal.invokers.MethodInvocationHelper.invokeMethodConsideringTimeout(MethodInvocationHelper.java:69)
	at org.testng.internal.invokers.ConfigInvoker.invokeConfigurationMethod(ConfigInvoker.java:361)
	at org.testng.internal.invokers.ConfigInvoker.invokeConfigurations(ConfigInvoker.java:296)
	at org.testng.TestRunner.invokeTestConfigurations(TestRunner.java:644)
	at org.testng.TestRunner.beforeRun(TestRunner.java:633)
	at org.testng.TestRunner.run(TestRunner.java:595)
	at org.testng.SuiteRunner.runTest(SuiteRunner.java:437)
	at org.testng.SuiteRunner.runSequentially(SuiteRunner.java:431)
	at org.testng.SuiteRunner.privateRun(SuiteRunner.java:391)
	at org.testng.SuiteRunner.run(SuiteRunner.java:330)
	at org.testng.SuiteRunnerWorker.runSuite(SuiteRunnerWorker.java:52)
	at org.testng.SuiteRunnerWorker.run(SuiteRunnerWorker.java:95)
	at org.testng.TestNG.runSuitesSequentially(TestNG.java:1256)
	at org.testng.TestNG.runSuitesLocally(TestNG.java:1176)
	at org.testng.TestNG.runSuites(TestNG.java:1099)
	at org.testng.TestNG.run(TestNG.java:1067)
	at org.apache.maven.surefire.testng.TestNGExecutor.run(TestNGExecutor.java:155)
	at org.apache.maven.surefire.testng.TestNGDirectoryTestSuite.executeMulti(TestNGDirectoryTestSuite.java:169)
	at org.apache.maven.surefire.testng.TestNGDirectoryTestSuite.execute(TestNGDirectoryTestSuite.java:88)
	at org.apache.maven.surefire.testng.TestNGProvider.invoke(TestNGProvider.java:137)
	at org.apache.maven.surefire.booter.ForkedBooter.runSuitesInProcess(ForkedBooter.java:385)
	at org.apache.maven.surefire.booter.ForkedBooter.execute(ForkedBooter.java:162)
	at org.apache.maven.surefire.booter.ForkedBooter.run(ForkedBooter.java:507)
	at org.apache.maven.surefire.booter.ForkedBooter.main(ForkedBooter.java:495)
]]></failure>
    <system-err><![CDATA[SLF4J: No SLF4J providers were found.
SLF4J: Defaulting to no-operation (NOP) logger implementation
SLF4J: See https://www.slf4j.org/codes.html#noProviders for further details.
]]></system-err>
  </testcase>
  <testcase name="videoCall" classname="testcases.VideoCallTest" time="0.0">
    <skipped message="Could not start a new session. Response code 500. Message: An unknown server-side error occurred while processing the command. Original error: Device 06081330BT105920 was not in the list of connected devices &#10;Host info: host: &apos;DESKTOP-P3MLEV3&apos;, ip: &apos;192.168.100.68&apos;&#10;Build info: version: &apos;4.10.0&apos;, revision: &apos;c14d967899&apos;&#10;System info: os.name: &apos;Windows 10&apos;, os.arch: &apos;amd64&apos;, os.version: &apos;10.0&apos;, java.version: &apos;19.0.1&apos;&#10;Driver info: io.appium.java_client.android.AndroidDriver&#10;Command: [null, newSession {capabilities=[{appium:systemPort=9000, appium:udid=06081330BT105920, appium:autoGrantPermissions=true, appium:newCommandTimeout=90, platformName=ANDROID, appium:automationName=UIAutomator2, appium:app=C:\Users\Ensx-pc\eclipse-workspace\xPalApp\src\test\java\resources\app-debug.apk}], desiredCapabilities=Capabilities {appium:app: C:\Users\Ensx-pc\eclipse-wo..., appium:autoGrantPermissions: true, appium:automationName: UIAutomator2, appium:newCommandTimeout: 90, appium:systemPort: 9000, appium:udid: 06081330BT105920, platformName: ANDROID}}]&#10;Capabilities {appium:app: C:\Users\Ensx-pc\eclipse-wo..., appium:autoGrantPermissions: true, appium:automationName: UIAutomator2, appium:newCommandTimeout: 90, appium:systemPort: 9000, appium:udid: 06081330BT105920, platformName: ANDROID}"/>
  </testcase>
  <testcase name="videoCallDuration" classname="testcases.VideoCallTest" time="0.0">
    <skipped message="Method testcases.VideoCallTest.videoCallDuration() on instance testcases.VideoCallTest@123ef382 depends on not successfully finished methods &#10;[testcases.VideoCallTest.videoCall() on instance testcases.VideoCallTest@123ef382]"/>
  </testcase>
  <testcase name="quitDrivers" classname="testcases.VideoCallTest" time="0.0">
    <skipped/>
  </testcase>
  <testcase name="configureAppium" classname="testcases.AddContactTest" time="0.0">
    <skipped/>
  </testcase>
  <testcase name="configureAppium" classname="testcases.AddContactTest" time="0.0">
    <skipped/>
  </testcase>
  <testcase name="addContact[{xID=831 056 341, Name=Friend1}](1)" classname="testcases.AddContactTest" time="0.0">
    <skipped message="Could not start a new session. Response code 500. Message: An unknown server-side error occurred while processing the command. Original error: Device 06081330BT105920 was not in the list of connected devices &#10;Host info: host: &apos;DESKTOP-P3MLEV3&apos;, ip: &apos;192.168.100.68&apos;&#10;Build info: version: &apos;4.10.0&apos;, revision: &apos;c14d967899&apos;&#10;System info: os.name: &apos;Windows 10&apos;, os.arch: &apos;amd64&apos;, os.version: &apos;10.0&apos;, java.version: &apos;19.0.1&apos;&#10;Driver info: io.appium.java_client.android.AndroidDriver&#10;Command: [null, newSession {capabilities=[{appium:systemPort=9000, appium:udid=06081330BT105920, appium:autoGrantPermissions=true, appium:newCommandTimeout=90, platformName=ANDROID, appium:automationName=UIAutomator2, appium:app=C:\Users\Ensx-pc\eclipse-workspace\xPalApp\src\test\java\resources\app-debug.apk}], desiredCapabilities=Capabilities {appium:app: C:\Users\Ensx-pc\eclipse-wo..., appium:autoGrantPermissions: true, appium:automationName: UIAutomator2, appium:newCommandTimeout: 90, appium:systemPort: 9000, appium:udid: 06081330BT105920, platformName: ANDROID}}]&#10;Capabilities {appium:app: C:\Users\Ensx-pc\eclipse-wo..., appium:autoGrantPermissions: true, appium:automationName: UIAutomator2, appium:newCommandTimeout: 90, appium:systemPort: 9000, appium:udid: 06081330BT105920, platformName: ANDROID}"/>
  </testcase>
  <testcase name="tearDown" classname="testcases.AddContactTest" time="0.0">
    <skipped/>
  </testcase>
  <testcase name="tearDown" classname="testcases.AddContactTest" time="0.0">
    <skipped/>
  </testcase>
  <testcase name="addContact[{xID=782 178 023, Name=Friend2}](2)" classname="testcases.AddContactTest" time="0.0">
    <skipped message="Could not start a new session. Response code 500. Message: An unknown server-side error occurred while processing the command. Original error: Device 06081330BT105920 was not in the list of connected devices &#10;Host info: host: &apos;DESKTOP-P3MLEV3&apos;, ip: &apos;192.168.100.68&apos;&#10;Build info: version: &apos;4.10.0&apos;, revision: &apos;c14d967899&apos;&#10;System info: os.name: &apos;Windows 10&apos;, os.arch: &apos;amd64&apos;, os.version: &apos;10.0&apos;, java.version: &apos;19.0.1&apos;&#10;Driver info: io.appium.java_client.android.AndroidDriver&#10;Command: [null, newSession {capabilities=[{appium:systemPort=9000, appium:udid=06081330BT105920, appium:autoGrantPermissions=true, appium:newCommandTimeout=90, platformName=ANDROID, appium:automationName=UIAutomator2, appium:app=C:\Users\Ensx-pc\eclipse-workspace\xPalApp\src\test\java\resources\app-debug.apk}], desiredCapabilities=Capabilities {appium:app: C:\Users\Ensx-pc\eclipse-wo..., appium:autoGrantPermissions: true, appium:automationName: UIAutomator2, appium:newCommandTimeout: 90, appium:systemPort: 9000, appium:udid: 06081330BT105920, platformName: ANDROID}}]&#10;Capabilities {appium:app: C:\Users\Ensx-pc\eclipse-wo..., appium:autoGrantPermissions: true, appium:automationName: UIAutomator2, appium:newCommandTimeout: 90, appium:systemPort: 9000, appium:udid: 06081330BT105920, platformName: ANDROID}"/>
  </testcase>
  <testcase name="BeforeChat" classname="testcases.AudioCallTest" time="0.0">
    <skipped/>
  </testcase>
  <testcase name="AudioCall" classname="testcases.AudioCallTest" time="0.0">
    <skipped message="Could not start a new session. Response code 500. Message: An unknown server-side error occurred while processing the command. Original error: Device 06081330BT105920 was not in the list of connected devices &#10;Host info: host: &apos;DESKTOP-P3MLEV3&apos;, ip: &apos;192.168.100.68&apos;&#10;Build info: version: &apos;4.10.0&apos;, revision: &apos;c14d967899&apos;&#10;System info: os.name: &apos;Windows 10&apos;, os.arch: &apos;amd64&apos;, os.version: &apos;10.0&apos;, java.version: &apos;19.0.1&apos;&#10;Driver info: io.appium.java_client.android.AndroidDriver&#10;Command: [null, newSession {capabilities=[{appium:systemPort=9000, appium:udid=06081330BT105920, appium:autoGrantPermissions=true, appium:newCommandTimeout=90, platformName=ANDROID, appium:automationName=UIAutomator2, appium:app=C:\Users\Ensx-pc\eclipse-workspace\xPalApp\src\test\java\resources\app-debug.apk}], desiredCapabilities=Capabilities {appium:app: C:\Users\Ensx-pc\eclipse-wo..., appium:autoGrantPermissions: true, appium:automationName: UIAutomator2, appium:newCommandTimeout: 90, appium:systemPort: 9000, appium:udid: 06081330BT105920, platformName: ANDROID}}]&#10;Capabilities {appium:app: C:\Users\Ensx-pc\eclipse-wo..., appium:autoGrantPermissions: true, appium:automationName: UIAutomator2, appium:newCommandTimeout: 90, appium:systemPort: 9000, appium:udid: 06081330BT105920, platformName: ANDROID}"/>
  </testcase>
  <testcase name="quit" classname="testcases.AudioCallTest" time="0.0">
    <skipped/>
  </testcase>
  <testcase name="configureAppium" classname="testcases.ChatErrorValidationsTest" time="0.0">
    <skipped/>
  </testcase>
  <testcase name="configureAppium" classname="testcases.ChatErrorValidationsTest" time="0.0">
    <skipped/>
  </testcase>
  <testcase name="selectMoreThan4Images" classname="testcases.ChatErrorValidationsTest" time="0.0">
    <skipped message="Could not start a new session. Response code 500. Message: An unknown server-side error occurred while processing the command. Original error: Device 06081330BT105920 was not in the list of connected devices &#10;Host info: host: &apos;DESKTOP-P3MLEV3&apos;, ip: &apos;192.168.100.68&apos;&#10;Build info: version: &apos;4.10.0&apos;, revision: &apos;c14d967899&apos;&#10;System info: os.name: &apos;Windows 10&apos;, os.arch: &apos;amd64&apos;, os.version: &apos;10.0&apos;, java.version: &apos;19.0.1&apos;&#10;Driver info: io.appium.java_client.android.AndroidDriver&#10;Command: [null, newSession {capabilities=[{appium:systemPort=9000, appium:udid=06081330BT105920, appium:autoGrantPermissions=true, appium:newCommandTimeout=90, platformName=ANDROID, appium:automationName=UIAutomator2, appium:app=C:\Users\Ensx-pc\eclipse-workspace\xPalApp\src\test\java\resources\app-debug.apk}], desiredCapabilities=Capabilities {appium:app: C:\Users\Ensx-pc\eclipse-wo..., appium:autoGrantPermissions: true, appium:automationName: UIAutomator2, appium:newCommandTimeout: 90, appium:systemPort: 9000, appium:udid: 06081330BT105920, platformName: ANDROID}}]&#10;Capabilities {appium:app: C:\Users\Ensx-pc\eclipse-wo..., appium:autoGrantPermissions: true, appium:automationName: UIAutomator2, appium:newCommandTimeout: 90, appium:systemPort: 9000, appium:udid: 06081330BT105920, platformName: ANDROID}"/>
  </testcase>
  <testcase name="tearDown" classname="testcases.ChatErrorValidationsTest" time="0.0">
    <skipped/>
  </testcase>
  <testcase name="tearDown" classname="testcases.ChatErrorValidationsTest" time="0.0">
    <skipped/>
  </testcase>
  <testcase name="browseInvalidVideo" classname="testcases.ChatErrorValidationsTest" time="0.0">
    <skipped message="Could not start a new session. Response code 500. Message: An unknown server-side error occurred while processing the command. Original error: Device 06081330BT105920 was not in the list of connected devices &#10;Host info: host: &apos;DESKTOP-P3MLEV3&apos;, ip: &apos;192.168.100.68&apos;&#10;Build info: version: &apos;4.10.0&apos;, revision: &apos;c14d967899&apos;&#10;System info: os.name: &apos;Windows 10&apos;, os.arch: &apos;amd64&apos;, os.version: &apos;10.0&apos;, java.version: &apos;19.0.1&apos;&#10;Driver info: io.appium.java_client.android.AndroidDriver&#10;Command: [null, newSession {capabilities=[{appium:systemPort=9000, appium:udid=06081330BT105920, appium:autoGrantPermissions=true, appium:newCommandTimeout=90, platformName=ANDROID, appium:automationName=UIAutomator2, appium:app=C:\Users\Ensx-pc\eclipse-workspace\xPalApp\src\test\java\resources\app-debug.apk}], desiredCapabilities=Capabilities {appium:app: C:\Users\Ensx-pc\eclipse-wo..., appium:autoGrantPermissions: true, appium:automationName: UIAutomator2, appium:newCommandTimeout: 90, appium:systemPort: 9000, appium:udid: 06081330BT105920, platformName: ANDROID}}]&#10;Capabilities {appium:app: C:\Users\Ensx-pc\eclipse-wo..., appium:autoGrantPermissions: true, appium:automationName: UIAutomator2, appium:newCommandTimeout: 90, appium:systemPort: 9000, appium:udid: 06081330BT105920, platformName: ANDROID}"/>
  </testcase>
  <testcase name="BeforeChat" classname="testcases.ChatTest" time="0.0">
    <skipped/>
  </testcase>
  <testcase name="BeforeChat" classname="testcases.ChatTest" time="0.0">
    <skipped/>
  </testcase>
  <testcase name="BeforeChat" classname="testcases.ChatTest" time="0.0">
    <skipped/>
  </testcase>
  <testcase name="BeforeChat" classname="testcases.ChatTest" time="0.0">
    <skipped/>
  </testcase>
  <testcase name="BeforeChat" classname="testcases.ChatTest" time="0.0">
    <skipped/>
  </testcase>
  <testcase name="BeforeChat" classname="testcases.ChatTest" time="0.0">
    <skipped/>
  </testcase>
  <testcase name="BeforeChat" classname="testcases.ChatTest" time="0.0">
    <skipped/>
  </testcase>
  <testcase name="BeforeChat" classname="testcases.ChatTest" time="0.0">
    <skipped/>
  </testcase>
  <testcase name="BeforeChat" classname="testcases.ChatTest" time="0.0">
    <skipped/>
  </testcase>
  <testcase name="BeforeChat" classname="testcases.ChatTest" time="0.0">
    <skipped/>
  </testcase>
  <testcase name="shareContact" classname="testcases.ChatTest" time="0.0">
    <skipped message="Could not start a new session. Response code 500. Message: An unknown server-side error occurred while processing the command. Original error: Device 06081330BT105920 was not in the list of connected devices &#10;Host info: host: &apos;DESKTOP-P3MLEV3&apos;, ip: &apos;192.168.100.68&apos;&#10;Build info: version: &apos;4.10.0&apos;, revision: &apos;c14d967899&apos;&#10;System info: os.name: &apos;Windows 10&apos;, os.arch: &apos;amd64&apos;, os.version: &apos;10.0&apos;, java.version: &apos;19.0.1&apos;&#10;Driver info: io.appium.java_client.android.AndroidDriver&#10;Command: [null, newSession {capabilities=[{appium:systemPort=9000, appium:udid=06081330BT105920, appium:autoGrantPermissions=true, appium:newCommandTimeout=90, platformName=ANDROID, appium:automationName=UIAutomator2, appium:app=C:\Users\Ensx-pc\eclipse-workspace\xPalApp\src\test\java\resources\app-debug.apk}], desiredCapabilities=Capabilities {appium:app: C:\Users\Ensx-pc\eclipse-wo..., appium:autoGrantPermissions: true, appium:automationName: UIAutomator2, appium:newCommandTimeout: 90, appium:systemPort: 9000, appium:udid: 06081330BT105920, platformName: ANDROID}}]&#10;Capabilities {appium:app: C:\Users\Ensx-pc\eclipse-wo..., appium:autoGrantPermissions: true, appium:automationName: UIAutomator2, appium:newCommandTimeout: 90, appium:systemPort: 9000, appium:udid: 06081330BT105920, platformName: ANDROID}"/>
  </testcase>
  <testcase name="afterChat" classname="testcases.ChatTest" time="0.0">
    <skipped/>
  </testcase>
  <testcase name="afterChat" classname="testcases.ChatTest" time="0.0">
    <skipped/>
  </testcase>
  <testcase name="afterChat" classname="testcases.ChatTest" time="0.0">
    <skipped/>
  </testcase>
  <testcase name="afterChat" classname="testcases.ChatTest" time="0.0">
    <skipped/>
  </testcase>
  <testcase name="afterChat" classname="testcases.ChatTest" time="0.0">
    <skipped/>
  </testcase>
  <testcase name="afterChat" classname="testcases.ChatTest" time="0.0">
    <skipped/>
  </testcase>
  <testcase name="afterChat" classname="testcases.ChatTest" time="0.0">
    <skipped/>
  </testcase>
  <testcase name="afterChat" classname="testcases.ChatTest" time="0.0">
    <skipped/>
  </testcase>
  <testcase name="afterChat" classname="testcases.ChatTest" time="0.0">
    <skipped/>
  </testcase>
  <testcase name="afterChat" classname="testcases.ChatTest" time="0.0">
    <skipped/>
  </testcase>
  <testcase name="textMsg" classname="testcases.ChatTest" time="0.0">
    <skipped message="Could not start a new session. Response code 500. Message: An unknown server-side error occurred while processing the command. Original error: Device 06081330BT105920 was not in the list of connected devices &#10;Host info: host: &apos;DESKTOP-P3MLEV3&apos;, ip: &apos;192.168.100.68&apos;&#10;Build info: version: &apos;4.10.0&apos;, revision: &apos;c14d967899&apos;&#10;System info: os.name: &apos;Windows 10&apos;, os.arch: &apos;amd64&apos;, os.version: &apos;10.0&apos;, java.version: &apos;19.0.1&apos;&#10;Driver info: io.appium.java_client.android.AndroidDriver&#10;Command: [null, newSession {capabilities=[{appium:systemPort=9000, appium:udid=06081330BT105920, appium:autoGrantPermissions=true, appium:newCommandTimeout=90, platformName=ANDROID, appium:automationName=UIAutomator2, appium:app=C:\Users\Ensx-pc\eclipse-workspace\xPalApp\src\test\java\resources\app-debug.apk}], desiredCapabilities=Capabilities {appium:app: C:\Users\Ensx-pc\eclipse-wo..., appium:autoGrantPermissions: true, appium:automationName: UIAutomator2, appium:newCommandTimeout: 90, appium:systemPort: 9000, appium:udid: 06081330BT105920, platformName: ANDROID}}]&#10;Capabilities {appium:app: C:\Users\Ensx-pc\eclipse-wo..., appium:autoGrantPermissions: true, appium:automationName: UIAutomator2, appium:newCommandTimeout: 90, appium:systemPort: 9000, appium:udid: 06081330BT105920, platformName: ANDROID}"/>
  </testcase>
  <testcase name="captureImage" classname="testcases.ChatTest" time="0.0">
    <skipped message="Could not start a new session. Response code 500. Message: An unknown server-side error occurred while processing the command. Original error: Device 06081330BT105920 was not in the list of connected devices &#10;Host info: host: &apos;DESKTOP-P3MLEV3&apos;, ip: &apos;192.168.100.68&apos;&#10;Build info: version: &apos;4.10.0&apos;, revision: &apos;c14d967899&apos;&#10;System info: os.name: &apos;Windows 10&apos;, os.arch: &apos;amd64&apos;, os.version: &apos;10.0&apos;, java.version: &apos;19.0.1&apos;&#10;Driver info: io.appium.java_client.android.AndroidDriver&#10;Command: [null, newSession {capabilities=[{appium:systemPort=9000, appium:udid=06081330BT105920, appium:autoGrantPermissions=true, appium:newCommandTimeout=90, platformName=ANDROID, appium:automationName=UIAutomator2, appium:app=C:\Users\Ensx-pc\eclipse-workspace\xPalApp\src\test\java\resources\app-debug.apk}], desiredCapabilities=Capabilities {appium:app: C:\Users\Ensx-pc\eclipse-wo..., appium:autoGrantPermissions: true, appium:automationName: UIAutomator2, appium:newCommandTimeout: 90, appium:systemPort: 9000, appium:udid: 06081330BT105920, platformName: ANDROID}}]&#10;Capabilities {appium:app: C:\Users\Ensx-pc\eclipse-wo..., appium:autoGrantPermissions: true, appium:automationName: UIAutomator2, appium:newCommandTimeout: 90, appium:systemPort: 9000, appium:udid: 06081330BT105920, platformName: ANDROID}"/>
  </testcase>
  <testcase name="browseImage" classname="testcases.ChatTest" time="0.0">
    <skipped message="Could not start a new session. Response code 500. Message: An unknown server-side error occurred while processing the command. Original error: Device 06081330BT105920 was not in the list of connected devices &#10;Host info: host: &apos;DESKTOP-P3MLEV3&apos;, ip: &apos;192.168.100.68&apos;&#10;Build info: version: &apos;4.10.0&apos;, revision: &apos;c14d967899&apos;&#10;System info: os.name: &apos;Windows 10&apos;, os.arch: &apos;amd64&apos;, os.version: &apos;10.0&apos;, java.version: &apos;19.0.1&apos;&#10;Driver info: io.appium.java_client.android.AndroidDriver&#10;Command: [null, newSession {capabilities=[{appium:systemPort=9000, appium:udid=06081330BT105920, appium:autoGrantPermissions=true, appium:newCommandTimeout=90, platformName=ANDROID, appium:automationName=UIAutomator2, appium:app=C:\Users\Ensx-pc\eclipse-workspace\xPalApp\src\test\java\resources\app-debug.apk}], desiredCapabilities=Capabilities {appium:app: C:\Users\Ensx-pc\eclipse-wo..., appium:autoGrantPermissions: true, appium:automationName: UIAutomator2, appium:newCommandTimeout: 90, appium:systemPort: 9000, appium:udid: 06081330BT105920, platformName: ANDROID}}]&#10;Capabilities {appium:app: C:\Users\Ensx-pc\eclipse-wo..., appium:autoGrantPermissions: true, appium:automationName: UIAutomator2, appium:newCommandTimeout: 90, appium:systemPort: 9000, appium:udid: 06081330BT105920, platformName: ANDROID}"/>
  </testcase>
  <testcase name="browseMultiImage" classname="testcases.ChatTest" time="0.0">
    <skipped message="Could not start a new session. Response code 500. Message: An unknown server-side error occurred while processing the command. Original error: Device 06081330BT105920 was not in the list of connected devices &#10;Host info: host: &apos;DESKTOP-P3MLEV3&apos;, ip: &apos;192.168.100.68&apos;&#10;Build info: version: &apos;4.10.0&apos;, revision: &apos;c14d967899&apos;&#10;System info: os.name: &apos;Windows 10&apos;, os.arch: &apos;amd64&apos;, os.version: &apos;10.0&apos;, java.version: &apos;19.0.1&apos;&#10;Driver info: io.appium.java_client.android.AndroidDriver&#10;Command: [null, newSession {capabilities=[{appium:systemPort=9000, appium:udid=06081330BT105920, appium:autoGrantPermissions=true, appium:newCommandTimeout=90, platformName=ANDROID, appium:automationName=UIAutomator2, appium:app=C:\Users\Ensx-pc\eclipse-workspace\xPalApp\src\test\java\resources\app-debug.apk}], desiredCapabilities=Capabilities {appium:app: C:\Users\Ensx-pc\eclipse-wo..., appium:autoGrantPermissions: true, appium:automationName: UIAutomator2, appium:newCommandTimeout: 90, appium:systemPort: 9000, appium:udid: 06081330BT105920, platformName: ANDROID}}]&#10;Capabilities {appium:app: C:\Users\Ensx-pc\eclipse-wo..., appium:autoGrantPermissions: true, appium:automationName: UIAutomator2, appium:newCommandTimeout: 90, appium:systemPort: 9000, appium:udid: 06081330BT105920, platformName: ANDROID}"/>
  </testcase>
  <testcase name="browseValidVideo" classname="testcases.ChatTest" time="0.0">
    <skipped message="Could not start a new session. Response code 500. Message: An unknown server-side error occurred while processing the command. Original error: Device 06081330BT105920 was not in the list of connected devices &#10;Host info: host: &apos;DESKTOP-P3MLEV3&apos;, ip: &apos;192.168.100.68&apos;&#10;Build info: version: &apos;4.10.0&apos;, revision: &apos;c14d967899&apos;&#10;System info: os.name: &apos;Windows 10&apos;, os.arch: &apos;amd64&apos;, os.version: &apos;10.0&apos;, java.version: &apos;19.0.1&apos;&#10;Driver info: io.appium.java_client.android.AndroidDriver&#10;Command: [null, newSession {capabilities=[{appium:systemPort=9000, appium:udid=06081330BT105920, appium:autoGrantPermissions=true, appium:newCommandTimeout=90, platformName=ANDROID, appium:automationName=UIAutomator2, appium:app=C:\Users\Ensx-pc\eclipse-workspace\xPalApp\src\test\java\resources\app-debug.apk}], desiredCapabilities=Capabilities {appium:app: C:\Users\Ensx-pc\eclipse-wo..., appium:autoGrantPermissions: true, appium:automationName: UIAutomator2, appium:newCommandTimeout: 90, appium:systemPort: 9000, appium:udid: 06081330BT105920, platformName: ANDROID}}]&#10;Capabilities {appium:app: C:\Users\Ensx-pc\eclipse-wo..., appium:autoGrantPermissions: true, appium:automationName: UIAutomator2, appium:newCommandTimeout: 90, appium:systemPort: 9000, appium:udid: 06081330BT105920, platformName: ANDROID}"/>
  </testcase>
  <testcase name="captureVideo" classname="testcases.ChatTest" time="0.0">
    <skipped message="Could not start a new session. Response code 500. Message: An unknown server-side error occurred while processing the command. Original error: Device 06081330BT105920 was not in the list of connected devices &#10;Host info: host: &apos;DESKTOP-P3MLEV3&apos;, ip: &apos;192.168.100.68&apos;&#10;Build info: version: &apos;4.10.0&apos;, revision: &apos;c14d967899&apos;&#10;System info: os.name: &apos;Windows 10&apos;, os.arch: &apos;amd64&apos;, os.version: &apos;10.0&apos;, java.version: &apos;19.0.1&apos;&#10;Driver info: io.appium.java_client.android.AndroidDriver&#10;Command: [null, newSession {capabilities=[{appium:systemPort=9000, appium:udid=06081330BT105920, appium:autoGrantPermissions=true, appium:newCommandTimeout=90, platformName=ANDROID, appium:automationName=UIAutomator2, appium:app=C:\Users\Ensx-pc\eclipse-workspace\xPalApp\src\test\java\resources\app-debug.apk}], desiredCapabilities=Capabilities {appium:app: C:\Users\Ensx-pc\eclipse-wo..., appium:autoGrantPermissions: true, appium:automationName: UIAutomator2, appium:newCommandTimeout: 90, appium:systemPort: 9000, appium:udid: 06081330BT105920, platformName: ANDROID}}]&#10;Capabilities {appium:app: C:\Users\Ensx-pc\eclipse-wo..., appium:autoGrantPermissions: true, appium:automationName: UIAutomator2, appium:newCommandTimeout: 90, appium:systemPort: 9000, appium:udid: 06081330BT105920, platformName: ANDROID}"/>
  </testcase>
  <testcase name="disappearingMsg" classname="testcases.ChatTest" time="0.0">
    <skipped message="Could not start a new session. Response code 500. Message: An unknown server-side error occurred while processing the command. Original error: Device 06081330BT105920 was not in the list of connected devices &#10;Host info: host: &apos;DESKTOP-P3MLEV3&apos;, ip: &apos;192.168.100.68&apos;&#10;Build info: version: &apos;4.10.0&apos;, revision: &apos;c14d967899&apos;&#10;System info: os.name: &apos;Windows 10&apos;, os.arch: &apos;amd64&apos;, os.version: &apos;10.0&apos;, java.version: &apos;19.0.1&apos;&#10;Driver info: io.appium.java_client.android.AndroidDriver&#10;Command: [null, newSession {capabilities=[{appium:systemPort=9000, appium:udid=06081330BT105920, appium:autoGrantPermissions=true, appium:newCommandTimeout=90, platformName=ANDROID, appium:automationName=UIAutomator2, appium:app=C:\Users\Ensx-pc\eclipse-workspace\xPalApp\src\test\java\resources\app-debug.apk}], desiredCapabilities=Capabilities {appium:app: C:\Users\Ensx-pc\eclipse-wo..., appium:autoGrantPermissions: true, appium:automationName: UIAutomator2, appium:newCommandTimeout: 90, appium:systemPort: 9000, appium:udid: 06081330BT105920, platformName: ANDROID}}]&#10;Capabilities {appium:app: C:\Users\Ensx-pc\eclipse-wo..., appium:autoGrantPermissions: true, appium:automationName: UIAutomator2, appium:newCommandTimeout: 90, appium:systemPort: 9000, appium:udid: 06081330BT105920, platformName: ANDROID}"/>
  </testcase>
  <testcase name="disappearingImage" classname="testcases.ChatTest" time="0.0">
    <skipped message="Could not start a new session. Response code 500. Message: An unknown server-side error occurred while processing the command. Original error: Device 06081330BT105920 was not in the list of connected devices &#10;Host info: host: &apos;DESKTOP-P3MLEV3&apos;, ip: &apos;192.168.100.68&apos;&#10;Build info: version: &apos;4.10.0&apos;, revision: &apos;c14d967899&apos;&#10;System info: os.name: &apos;Windows 10&apos;, os.arch: &apos;amd64&apos;, os.version: &apos;10.0&apos;, java.version: &apos;19.0.1&apos;&#10;Driver info: io.appium.java_client.android.AndroidDriver&#10;Command: [null, newSession {capabilities=[{appium:systemPort=9000, appium:udid=06081330BT105920, appium:autoGrantPermissions=true, appium:newCommandTimeout=90, platformName=ANDROID, appium:automationName=UIAutomator2, appium:app=C:\Users\Ensx-pc\eclipse-workspace\xPalApp\src\test\java\resources\app-debug.apk}], desiredCapabilities=Capabilities {appium:app: C:\Users\Ensx-pc\eclipse-wo..., appium:autoGrantPermissions: true, appium:automationName: UIAutomator2, appium:newCommandTimeout: 90, appium:systemPort: 9000, appium:udid: 06081330BT105920, platformName: ANDROID}}]&#10;Capabilities {appium:app: C:\Users\Ensx-pc\eclipse-wo..., appium:autoGrantPermissions: true, appium:automationName: UIAutomator2, appium:newCommandTimeout: 90, appium:systemPort: 9000, appium:udid: 06081330BT105920, platformName: ANDROID}"/>
  </testcase>
  <testcase name="sendPendingMsg" classname="testcases.ChatTest" time="0.0">
    <skipped message="Could not start a new session. Response code 500. Message: An unknown server-side error occurred while processing the command. Original error: Device 06081330BT105920 was not in the list of connected devices &#10;Host info: host: &apos;DESKTOP-P3MLEV3&apos;, ip: &apos;192.168.100.68&apos;&#10;Build info: version: &apos;4.10.0&apos;, revision: &apos;c14d967899&apos;&#10;System info: os.name: &apos;Windows 10&apos;, os.arch: &apos;amd64&apos;, os.version: &apos;10.0&apos;, java.version: &apos;19.0.1&apos;&#10;Driver info: io.appium.java_client.android.AndroidDriver&#10;Command: [null, newSession {capabilities=[{appium:systemPort=9000, appium:udid=06081330BT105920, appium:autoGrantPermissions=true, appium:newCommandTimeout=90, platformName=ANDROID, appium:automationName=UIAutomator2, appium:app=C:\Users\Ensx-pc\eclipse-workspace\xPalApp\src\test\java\resources\app-debug.apk}], desiredCapabilities=Capabilities {appium:app: C:\Users\Ensx-pc\eclipse-wo..., appium:autoGrantPermissions: true, appium:automationName: UIAutomator2, appium:newCommandTimeout: 90, appium:systemPort: 9000, appium:udid: 06081330BT105920, platformName: ANDROID}}]&#10;Capabilities {appium:app: C:\Users\Ensx-pc\eclipse-wo..., appium:autoGrantPermissions: true, appium:automationName: UIAutomator2, appium:newCommandTimeout: 90, appium:systemPort: 9000, appium:udid: 06081330BT105920, platformName: ANDROID}"/>
  </testcase>
  <testcase name="configureAppium" classname="testcases.EditProfileTest" time="0.0">
    <skipped/>
  </testcase>
  <testcase name="configureAppium" classname="testcases.EditProfileTest" time="0.0">
    <skipped/>
  </testcase>
  <testcase name="editProfile" classname="testcases.EditProfileTest" time="0.0">
    <skipped message="Could not start a new session. Response code 500. Message: An unknown server-side error occurred while processing the command. Original error: Device 06081330BT105920 was not in the list of connected devices &#10;Host info: host: &apos;DESKTOP-P3MLEV3&apos;, ip: &apos;192.168.100.68&apos;&#10;Build info: version: &apos;4.10.0&apos;, revision: &apos;c14d967899&apos;&#10;System info: os.name: &apos;Windows 10&apos;, os.arch: &apos;amd64&apos;, os.version: &apos;10.0&apos;, java.version: &apos;19.0.1&apos;&#10;Driver info: io.appium.java_client.android.AndroidDriver&#10;Command: [null, newSession {capabilities=[{appium:systemPort=9000, appium:udid=06081330BT105920, appium:autoGrantPermissions=true, appium:newCommandTimeout=90, platformName=ANDROID, appium:automationName=UIAutomator2, appium:app=C:\Users\Ensx-pc\eclipse-workspace\xPalApp\src\test\java\resources\app-debug.apk}], desiredCapabilities=Capabilities {appium:app: C:\Users\Ensx-pc\eclipse-wo..., appium:autoGrantPermissions: true, appium:automationName: UIAutomator2, appium:newCommandTimeout: 90, appium:systemPort: 9000, appium:udid: 06081330BT105920, platformName: ANDROID}}]&#10;Capabilities {appium:app: C:\Users\Ensx-pc\eclipse-wo..., appium:autoGrantPermissions: true, appium:automationName: UIAutomator2, appium:newCommandTimeout: 90, appium:systemPort: 9000, appium:udid: 06081330BT105920, platformName: ANDROID}"/>
  </testcase>
  <testcase name="quit" classname="testcases.EditProfileTest" time="0.0">
    <skipped/>
  </testcase>
  <testcase name="quit" classname="testcases.EditProfileTest" time="0.0">
    <skipped/>
  </testcase>
  <testcase name="tearDown" classname="testcases.EditProfileTest" time="0.0">
    <skipped/>
  </testcase>
  <testcase name="tearDown" classname="testcases.EditProfileTest" time="0.0">
    <skipped/>
  </testcase>
  <testcase name="invalidProfileName" classname="testcases.EditProfileTest" time="0.0">
    <skipped message="Could not start a new session. Response code 500. Message: An unknown server-side error occurred while processing the command. Original error: Device 06081330BT105920 was not in the list of connected devices &#10;Host info: host: &apos;DESKTOP-P3MLEV3&apos;, ip: &apos;192.168.100.68&apos;&#10;Build info: version: &apos;4.10.0&apos;, revision: &apos;c14d967899&apos;&#10;System info: os.name: &apos;Windows 10&apos;, os.arch: &apos;amd64&apos;, os.version: &apos;10.0&apos;, java.version: &apos;19.0.1&apos;&#10;Driver info: io.appium.java_client.android.AndroidDriver&#10;Command: [null, newSession {capabilities=[{appium:systemPort=9000, appium:udid=06081330BT105920, appium:autoGrantPermissions=true, appium:newCommandTimeout=90, platformName=ANDROID, appium:automationName=UIAutomator2, appium:app=C:\Users\Ensx-pc\eclipse-workspace\xPalApp\src\test\java\resources\app-debug.apk}], desiredCapabilities=Capabilities {appium:app: C:\Users\Ensx-pc\eclipse-wo..., appium:autoGrantPermissions: true, appium:automationName: UIAutomator2, appium:newCommandTimeout: 90, appium:systemPort: 9000, appium:udid: 06081330BT105920, platformName: ANDROID}}]&#10;Capabilities {appium:app: C:\Users\Ensx-pc\eclipse-wo..., appium:autoGrantPermissions: true, appium:automationName: UIAutomator2, appium:newCommandTimeout: 90, appium:systemPort: 9000, appium:udid: 06081330BT105920, platformName: ANDROID}"/>
  </testcase>
  <testcase name="configureAppium" classname="testcases.InviteLinkTest" time="0.0">
    <skipped/>
  </testcase>
  <testcase name="generateLink" classname="testcases.InviteLinkTest" time="0.0">
    <skipped message="Could not start a new session. Response code 500. Message: An unknown server-side error occurred while processing the command. Original error: Device 06081330BT105920 was not in the list of connected devices &#10;Host info: host: &apos;DESKTOP-P3MLEV3&apos;, ip: &apos;192.168.100.68&apos;&#10;Build info: version: &apos;4.10.0&apos;, revision: &apos;c14d967899&apos;&#10;System info: os.name: &apos;Windows 10&apos;, os.arch: &apos;amd64&apos;, os.version: &apos;10.0&apos;, java.version: &apos;19.0.1&apos;&#10;Driver info: io.appium.java_client.android.AndroidDriver&#10;Command: [null, newSession {capabilities=[{appium:systemPort=9000, appium:udid=06081330BT105920, appium:autoGrantPermissions=true, appium:newCommandTimeout=90, platformName=ANDROID, appium:automationName=UIAutomator2, appium:app=C:\Users\Ensx-pc\eclipse-workspace\xPalApp\src\test\java\resources\app-debug.apk}], desiredCapabilities=Capabilities {appium:app: C:\Users\Ensx-pc\eclipse-wo..., appium:autoGrantPermissions: true, appium:automationName: UIAutomator2, appium:newCommandTimeout: 90, appium:systemPort: 9000, appium:udid: 06081330BT105920, platformName: ANDROID}}]&#10;Capabilities {appium:app: C:\Users\Ensx-pc\eclipse-wo..., appium:autoGrantPermissions: true, appium:automationName: UIAutomator2, appium:newCommandTimeout: 90, appium:systemPort: 9000, appium:udid: 06081330BT105920, platformName: ANDROID}"/>
  </testcase>
  <testcase name="tearDown" classname="testcases.InviteLinkTest" time="0.0">
    <skipped/>
  </testcase>
  <testcase name="login" classname="testcases.LoginTest" time="0.0">
    <skipped message="Could not start a new session. Response code 500. Message: An unknown server-side error occurred while processing the command. Original error: Device 06081330BT105920 was not in the list of connected devices &#10;Host info: host: &apos;DESKTOP-P3MLEV3&apos;, ip: &apos;192.168.100.68&apos;&#10;Build info: version: &apos;4.10.0&apos;, revision: &apos;c14d967899&apos;&#10;System info: os.name: &apos;Windows 10&apos;, os.arch: &apos;amd64&apos;, os.version: &apos;10.0&apos;, java.version: &apos;19.0.1&apos;&#10;Driver info: io.appium.java_client.android.AndroidDriver&#10;Command: [null, newSession {capabilities=[{appium:systemPort=9000, appium:udid=06081330BT105920, appium:autoGrantPermissions=true, appium:newCommandTimeout=90, platformName=ANDROID, appium:automationName=UIAutomator2, appium:app=C:\Users\Ensx-pc\eclipse-workspace\xPalApp\src\test\java\resources\app-debug.apk}], desiredCapabilities=Capabilities {appium:app: C:\Users\Ensx-pc\eclipse-wo..., appium:autoGrantPermissions: true, appium:automationName: UIAutomator2, appium:newCommandTimeout: 90, appium:systemPort: 9000, appium:udid: 06081330BT105920, platformName: ANDROID}}]&#10;Capabilities {appium:app: C:\Users\Ensx-pc\eclipse-wo..., appium:autoGrantPermissions: true, appium:automationName: UIAutomator2, appium:newCommandTimeout: 90, appium:systemPort: 9000, appium:udid: 06081330BT105920, platformName: ANDROID}"/>
  </testcase>
  <testcase name="configureAppium" classname="testcases.PrivacyTest" time="0.0">
    <skipped/>
  </testcase>
  <testcase name="configureAppium" classname="testcases.PrivacyTest" time="0.0">
    <skipped/>
  </testcase>
  <testcase name="configureAppium" classname="testcases.PrivacyTest" time="0.0">
    <skipped/>
  </testcase>
  <testcase name="block" classname="testcases.PrivacyTest" time="0.0">
    <skipped message="Could not start a new session. Response code 500. Message: An unknown server-side error occurred while processing the command. Original error: Device 06081330BT105920 was not in the list of connected devices &#10;Host info: host: &apos;DESKTOP-P3MLEV3&apos;, ip: &apos;192.168.100.68&apos;&#10;Build info: version: &apos;4.10.0&apos;, revision: &apos;c14d967899&apos;&#10;System info: os.name: &apos;Windows 10&apos;, os.arch: &apos;amd64&apos;, os.version: &apos;10.0&apos;, java.version: &apos;19.0.1&apos;&#10;Driver info: io.appium.java_client.android.AndroidDriver&#10;Command: [null, newSession {capabilities=[{appium:systemPort=9000, appium:udid=06081330BT105920, appium:autoGrantPermissions=true, appium:newCommandTimeout=90, platformName=ANDROID, appium:automationName=UIAutomator2, appium:app=C:\Users\Ensx-pc\eclipse-workspace\xPalApp\src\test\java\resources\app-debug.apk}], desiredCapabilities=Capabilities {appium:app: C:\Users\Ensx-pc\eclipse-wo..., appium:autoGrantPermissions: true, appium:automationName: UIAutomator2, appium:newCommandTimeout: 90, appium:systemPort: 9000, appium:udid: 06081330BT105920, platformName: ANDROID}}]&#10;Capabilities {appium:app: C:\Users\Ensx-pc\eclipse-wo..., appium:autoGrantPermissions: true, appium:automationName: UIAutomator2, appium:newCommandTimeout: 90, appium:systemPort: 9000, appium:udid: 06081330BT105920, platformName: ANDROID}"/>
  </testcase>
  <testcase name="tearDown" classname="testcases.PrivacyTest" time="0.0">
    <skipped/>
  </testcase>
  <testcase name="tearDown" classname="testcases.PrivacyTest" time="0.0">
    <skipped/>
  </testcase>
  <testcase name="tearDown" classname="testcases.PrivacyTest" time="0.0">
    <skipped/>
  </testcase>
  <testcase name="setupPhrase" classname="testcases.PrivacyTest" time="0.0">
    <skipped message="Could not start a new session. Response code 500. Message: An unknown server-side error occurred while processing the command. Original error: Device 06081330BT105920 was not in the list of connected devices &#10;Host info: host: &apos;DESKTOP-P3MLEV3&apos;, ip: &apos;192.168.100.68&apos;&#10;Build info: version: &apos;4.10.0&apos;, revision: &apos;c14d967899&apos;&#10;System info: os.name: &apos;Windows 10&apos;, os.arch: &apos;amd64&apos;, os.version: &apos;10.0&apos;, java.version: &apos;19.0.1&apos;&#10;Driver info: io.appium.java_client.android.AndroidDriver&#10;Command: [null, newSession {capabilities=[{appium:systemPort=9000, appium:udid=06081330BT105920, appium:autoGrantPermissions=true, appium:newCommandTimeout=90, platformName=ANDROID, appium:automationName=UIAutomator2, appium:app=C:\Users\Ensx-pc\eclipse-workspace\xPalApp\src\test\java\resources\app-debug.apk}], desiredCapabilities=Capabilities {appium:app: C:\Users\Ensx-pc\eclipse-wo..., appium:autoGrantPermissions: true, appium:automationName: UIAutomator2, appium:newCommandTimeout: 90, appium:systemPort: 9000, appium:udid: 06081330BT105920, platformName: ANDROID}}]&#10;Capabilities {appium:app: C:\Users\Ensx-pc\eclipse-wo..., appium:autoGrantPermissions: true, appium:automationName: UIAutomator2, appium:newCommandTimeout: 90, appium:systemPort: 9000, appium:udid: 06081330BT105920, platformName: ANDROID}"/>
  </testcase>
  <testcase name="setupQuestions" classname="testcases.PrivacyTest" time="0.0">
    <skipped message="Could not start a new session. Response code 500. Message: An unknown server-side error occurred while processing the command. Original error: Device 06081330BT105920 was not in the list of connected devices &#10;Host info: host: &apos;DESKTOP-P3MLEV3&apos;, ip: &apos;192.168.100.68&apos;&#10;Build info: version: &apos;4.10.0&apos;, revision: &apos;c14d967899&apos;&#10;System info: os.name: &apos;Windows 10&apos;, os.arch: &apos;amd64&apos;, os.version: &apos;10.0&apos;, java.version: &apos;19.0.1&apos;&#10;Driver info: io.appium.java_client.android.AndroidDriver&#10;Command: [null, newSession {capabilities=[{appium:systemPort=9000, appium:udid=06081330BT105920, appium:autoGrantPermissions=true, appium:newCommandTimeout=90, platformName=ANDROID, appium:automationName=UIAutomator2, appium:app=C:\Users\Ensx-pc\eclipse-workspace\xPalApp\src\test\java\resources\app-debug.apk}], desiredCapabilities=Capabilities {appium:app: C:\Users\Ensx-pc\eclipse-wo..., appium:autoGrantPermissions: true, appium:automationName: UIAutomator2, appium:newCommandTimeout: 90, appium:systemPort: 9000, appium:udid: 06081330BT105920, platformName: ANDROID}}]&#10;Capabilities {appium:app: C:\Users\Ensx-pc\eclipse-wo..., appium:autoGrantPermissions: true, appium:automationName: UIAutomator2, appium:newCommandTimeout: 90, appium:systemPort: 9000, appium:udid: 06081330BT105920, platformName: ANDROID}"/>
  </testcase>
  <testcase name="verifyBlockedList" classname="testcases.PrivacyTest" time="0.0">
    <skipped message="Method testcases.PrivacyTest.verifyBlockedList() on instance testcases.PrivacyTest@6e171cd7 depends on not successfully finished methods &#10;[testcases.PrivacyTest.block() on instance testcases.PrivacyTest@6e171cd7]"/>
  </testcase>
  <testcase name="unblock" classname="testcases.PrivacyTest" time="0.0">
    <skipped message="Method testcases.PrivacyTest.unblock() on instance testcases.PrivacyTest@6e171cd7 depends on not successfully finished methods &#10;[testcases.PrivacyTest.verifyBlockedList() on instance testcases.PrivacyTest@6e171cd7]"/>
  </testcase>
  <testcase name="isUnblocked" classname="testcases.PrivacyTest" time="0.0">
    <skipped message="Method testcases.PrivacyTest.isUnblocked() on instance testcases.PrivacyTest@6e171cd7 depends on not successfully finished methods &#10;[testcases.PrivacyTest.unblock() on instance testcases.PrivacyTest@6e171cd7]"/>
  </testcase>
  <testcase name="setup" classname="testcases.RegisterTest" time="0.0">
    <skipped/>
  </testcase>
  <testcase name="setup" classname="testcases.RegisterTest" time="0.0">
    <skipped/>
  </testcase>
  <testcase name="Register" classname="testcases.RegisterTest" time="0.0">
    <skipped message="Could not start a new session. Response code 500. Message: An unknown server-side error occurred while processing the command. Original error: Device 06081330BT105920 was not in the list of connected devices &#10;Host info: host: &apos;DESKTOP-P3MLEV3&apos;, ip: &apos;192.168.100.68&apos;&#10;Build info: version: &apos;4.10.0&apos;, revision: &apos;c14d967899&apos;&#10;System info: os.name: &apos;Windows 10&apos;, os.arch: &apos;amd64&apos;, os.version: &apos;10.0&apos;, java.version: &apos;19.0.1&apos;&#10;Driver info: io.appium.java_client.android.AndroidDriver&#10;Command: [null, newSession {capabilities=[{appium:systemPort=9000, appium:udid=06081330BT105920, appium:autoGrantPermissions=true, appium:newCommandTimeout=90, platformName=ANDROID, appium:automationName=UIAutomator2, appium:app=C:\Users\Ensx-pc\eclipse-workspace\xPalApp\src\test\java\resources\app-debug.apk}], desiredCapabilities=Capabilities {appium:app: C:\Users\Ensx-pc\eclipse-wo..., appium:autoGrantPermissions: true, appium:automationName: UIAutomator2, appium:newCommandTimeout: 90, appium:systemPort: 9000, appium:udid: 06081330BT105920, platformName: ANDROID}}]&#10;Capabilities {appium:app: C:\Users\Ensx-pc\eclipse-wo..., appium:autoGrantPermissions: true, appium:automationName: UIAutomator2, appium:newCommandTimeout: 90, appium:systemPort: 9000, appium:udid: 06081330BT105920, platformName: ANDROID}"/>
  </testcase>
  <testcase name="tearDown" classname="testcases.RegisterTest" time="0.0">
    <skipped/>
  </testcase>
  <testcase name="tearDown" classname="testcases.RegisterTest" time="0.0">
    <skipped/>
  </testcase>
  <testcase name="invalidRegister" classname="testcases.RegisterTest" time="0.0">
    <skipped message="Could not start a new session. Response code 500. Message: An unknown server-side error occurred while processing the command. Original error: Device 06081330BT105920 was not in the list of connected devices &#10;Host info: host: &apos;DESKTOP-P3MLEV3&apos;, ip: &apos;192.168.100.68&apos;&#10;Build info: version: &apos;4.10.0&apos;, revision: &apos;c14d967899&apos;&#10;System info: os.name: &apos;Windows 10&apos;, os.arch: &apos;amd64&apos;, os.version: &apos;10.0&apos;, java.version: &apos;19.0.1&apos;&#10;Driver info: io.appium.java_client.android.AndroidDriver&#10;Command: [null, newSession {capabilities=[{appium:systemPort=9000, appium:udid=06081330BT105920, appium:autoGrantPermissions=true, appium:newCommandTimeout=90, platformName=ANDROID, appium:automationName=UIAutomator2, appium:app=C:\Users\Ensx-pc\eclipse-workspace\xPalApp\src\test\java\resources\app-debug.apk}], desiredCapabilities=Capabilities {appium:app: C:\Users\Ensx-pc\eclipse-wo..., appium:autoGrantPermissions: true, appium:automationName: UIAutomator2, appium:newCommandTimeout: 90, appium:systemPort: 9000, appium:udid: 06081330BT105920, platformName: ANDROID}}]&#10;Capabilities {appium:app: C:\Users\Ensx-pc\eclipse-wo..., appium:autoGrantPermissions: true, appium:automationName: UIAutomator2, appium:newCommandTimeout: 90, appium:systemPort: 9000, appium:udid: 06081330BT105920, platformName: ANDROID}"/>
  </testcase>
  <testcase name="configure" classname="testcases.ResetPasswordTest" time="0.0">
    <skipped/>
  </testcase>
  <testcase name="configure" classname="testcases.ResetPasswordTest" time="0.0">
    <skipped/>
  </testcase>
  <testcase name="configure" classname="testcases.ResetPasswordTest" time="0.0">
    <skipped/>
  </testcase>
  <testcase name="resetByEmail" classname="testcases.ResetPasswordTest" time="0.0">
    <skipped message="Could not start a new session. Response code 500. Message: An unknown server-side error occurred while processing the command. Original error: Device 06081330BT105920 was not in the list of connected devices &#10;Host info: host: &apos;DESKTOP-P3MLEV3&apos;, ip: &apos;192.168.100.68&apos;&#10;Build info: version: &apos;4.10.0&apos;, revision: &apos;c14d967899&apos;&#10;System info: os.name: &apos;Windows 10&apos;, os.arch: &apos;amd64&apos;, os.version: &apos;10.0&apos;, java.version: &apos;19.0.1&apos;&#10;Driver info: io.appium.java_client.android.AndroidDriver&#10;Command: [null, newSession {capabilities=[{appium:systemPort=9000, appium:udid=06081330BT105920, appium:autoGrantPermissions=true, appium:newCommandTimeout=90, platformName=ANDROID, appium:automationName=UIAutomator2, appium:app=C:\Users\Ensx-pc\eclipse-workspace\xPalApp\src\test\java\resources\app-debug.apk}], desiredCapabilities=Capabilities {appium:app: C:\Users\Ensx-pc\eclipse-wo..., appium:autoGrantPermissions: true, appium:automationName: UIAutomator2, appium:newCommandTimeout: 90, appium:systemPort: 9000, appium:udid: 06081330BT105920, platformName: ANDROID}}]&#10;Capabilities {appium:app: C:\Users\Ensx-pc\eclipse-wo..., appium:autoGrantPermissions: true, appium:automationName: UIAutomator2, appium:newCommandTimeout: 90, appium:systemPort: 9000, appium:udid: 06081330BT105920, platformName: ANDROID}"/>
  </testcase>
  <testcase name="quit" classname="testcases.ResetPasswordTest" time="0.0">
    <skipped/>
  </testcase>
  <testcase name="quit" classname="testcases.ResetPasswordTest" time="0.0">
    <skipped/>
  </testcase>
  <testcase name="quit" classname="testcases.ResetPasswordTest" time="0.0">
    <skipped/>
  </testcase>
  <testcase name="resetByPhrase" classname="testcases.ResetPasswordTest" time="0.0">
    <skipped message="Could not start a new session. Response code 500. Message: An unknown server-side error occurred while processing the command. Original error: Device 06081330BT105920 was not in the list of connected devices &#10;Host info: host: &apos;DESKTOP-P3MLEV3&apos;, ip: &apos;192.168.100.68&apos;&#10;Build info: version: &apos;4.10.0&apos;, revision: &apos;c14d967899&apos;&#10;System info: os.name: &apos;Windows 10&apos;, os.arch: &apos;amd64&apos;, os.version: &apos;10.0&apos;, java.version: &apos;19.0.1&apos;&#10;Driver info: io.appium.java_client.android.AndroidDriver&#10;Command: [null, newSession {capabilities=[{appium:systemPort=9000, appium:udid=06081330BT105920, appium:autoGrantPermissions=true, appium:newCommandTimeout=90, platformName=ANDROID, appium:automationName=UIAutomator2, appium:app=C:\Users\Ensx-pc\eclipse-workspace\xPalApp\src\test\java\resources\app-debug.apk}], desiredCapabilities=Capabilities {appium:app: C:\Users\Ensx-pc\eclipse-wo..., appium:autoGrantPermissions: true, appium:automationName: UIAutomator2, appium:newCommandTimeout: 90, appium:systemPort: 9000, appium:udid: 06081330BT105920, platformName: ANDROID}}]&#10;Capabilities {appium:app: C:\Users\Ensx-pc\eclipse-wo..., appium:autoGrantPermissions: true, appium:automationName: UIAutomator2, appium:newCommandTimeout: 90, appium:systemPort: 9000, appium:udid: 06081330BT105920, platformName: ANDROID}"/>
  </testcase>
  <testcase name="resetByQs" classname="testcases.ResetPasswordTest" time="0.0">
    <skipped message="Could not start a new session. Response code 500. Message: An unknown server-side error occurred while processing the command. Original error: Device 06081330BT105920 was not in the list of connected devices &#10;Host info: host: &apos;DESKTOP-P3MLEV3&apos;, ip: &apos;192.168.100.68&apos;&#10;Build info: version: &apos;4.10.0&apos;, revision: &apos;c14d967899&apos;&#10;System info: os.name: &apos;Windows 10&apos;, os.arch: &apos;amd64&apos;, os.version: &apos;10.0&apos;, java.version: &apos;19.0.1&apos;&#10;Driver info: io.appium.java_client.android.AndroidDriver&#10;Command: [null, newSession {capabilities=[{appium:systemPort=9000, appium:udid=06081330BT105920, appium:autoGrantPermissions=true, appium:newCommandTimeout=90, platformName=ANDROID, appium:automationName=UIAutomator2, appium:app=C:\Users\Ensx-pc\eclipse-workspace\xPalApp\src\test\java\resources\app-debug.apk}], desiredCapabilities=Capabilities {appium:app: C:\Users\Ensx-pc\eclipse-wo..., appium:autoGrantPermissions: true, appium:automationName: UIAutomator2, appium:newCommandTimeout: 90, appium:systemPort: 9000, appium:udid: 06081330BT105920, platformName: ANDROID}}]&#10;Capabilities {appium:app: C:\Users\Ensx-pc\eclipse-wo..., appium:autoGrantPermissions: true, appium:automationName: UIAutomator2, appium:newCommandTimeout: 90, appium:systemPort: 9000, appium:udid: 06081330BT105920, platformName: ANDROID}"/>
  </testcase>
  <testcase name="configureAppium" classname="testcases.SettingsTest" time="0.0">
    <skipped/>
  </testcase>
  <testcase name="configureAppium" classname="testcases.SettingsTest" time="0.0">
    <skipped/>
  </testcase>
  <testcase name="configureAppium" classname="testcases.SettingsTest" time="0.0">
    <skipped/>
  </testcase>
  <testcase name="configureAppium" classname="testcases.SettingsTest" time="0.0">
    <skipped/>
  </testcase>
  <testcase name="configureAppium" classname="testcases.SettingsTest" time="0.0">
    <skipped/>
  </testcase>
  <testcase name="changePin" classname="testcases.SettingsTest" time="0.0">
    <skipped message="Could not start a new session. Response code 500. Message: An unknown server-side error occurred while processing the command. Original error: Device 06081330BT105920 was not in the list of connected devices &#10;Host info: host: &apos;DESKTOP-P3MLEV3&apos;, ip: &apos;192.168.100.68&apos;&#10;Build info: version: &apos;4.10.0&apos;, revision: &apos;c14d967899&apos;&#10;System info: os.name: &apos;Windows 10&apos;, os.arch: &apos;amd64&apos;, os.version: &apos;10.0&apos;, java.version: &apos;19.0.1&apos;&#10;Driver info: io.appium.java_client.android.AndroidDriver&#10;Command: [null, newSession {capabilities=[{appium:systemPort=9000, appium:udid=06081330BT105920, appium:autoGrantPermissions=true, appium:newCommandTimeout=90, platformName=ANDROID, appium:automationName=UIAutomator2, appium:app=C:\Users\Ensx-pc\eclipse-workspace\xPalApp\src\test\java\resources\app-debug.apk}], desiredCapabilities=Capabilities {appium:app: C:\Users\Ensx-pc\eclipse-wo..., appium:autoGrantPermissions: true, appium:automationName: UIAutomator2, appium:newCommandTimeout: 90, appium:systemPort: 9000, appium:udid: 06081330BT105920, platformName: ANDROID}}]&#10;Capabilities {appium:app: C:\Users\Ensx-pc\eclipse-wo..., appium:autoGrantPermissions: true, appium:automationName: UIAutomator2, appium:newCommandTimeout: 90, appium:systemPort: 9000, appium:udid: 06081330BT105920, platformName: ANDROID}"/>
  </testcase>
  <testcase name="tearDown" classname="testcases.SettingsTest" time="0.0">
    <skipped/>
  </testcase>
  <testcase name="tearDown" classname="testcases.SettingsTest" time="0.0">
    <skipped/>
  </testcase>
  <testcase name="tearDown" classname="testcases.SettingsTest" time="0.0">
    <skipped/>
  </testcase>
  <testcase name="tearDown" classname="testcases.SettingsTest" time="0.0">
    <skipped/>
  </testcase>
  <testcase name="tearDown" classname="testcases.SettingsTest" time="0.0">
    <skipped/>
  </testcase>
  <testcase name="changePassword" classname="testcases.SettingsTest" time="0.0">
    <skipped message="Could not start a new session. Response code 500. Message: An unknown server-side error occurred while processing the command. Original error: Device 06081330BT105920 was not in the list of connected devices &#10;Host info: host: &apos;DESKTOP-P3MLEV3&apos;, ip: &apos;192.168.100.68&apos;&#10;Build info: version: &apos;4.10.0&apos;, revision: &apos;c14d967899&apos;&#10;System info: os.name: &apos;Windows 10&apos;, os.arch: &apos;amd64&apos;, os.version: &apos;10.0&apos;, java.version: &apos;19.0.1&apos;&#10;Driver info: io.appium.java_client.android.AndroidDriver&#10;Command: [null, newSession {capabilities=[{appium:systemPort=9000, appium:udid=06081330BT105920, appium:autoGrantPermissions=true, appium:newCommandTimeout=90, platformName=ANDROID, appium:automationName=UIAutomator2, appium:app=C:\Users\Ensx-pc\eclipse-workspace\xPalApp\src\test\java\resources\app-debug.apk}], desiredCapabilities=Capabilities {appium:app: C:\Users\Ensx-pc\eclipse-wo..., appium:autoGrantPermissions: true, appium:automationName: UIAutomator2, appium:newCommandTimeout: 90, appium:systemPort: 9000, appium:udid: 06081330BT105920, platformName: ANDROID}}]&#10;Capabilities {appium:app: C:\Users\Ensx-pc\eclipse-wo..., appium:autoGrantPermissions: true, appium:automationName: UIAutomator2, appium:newCommandTimeout: 90, appium:systemPort: 9000, appium:udid: 06081330BT105920, platformName: ANDROID}"/>
  </testcase>
  <testcase name="enabletwoStepVerification" classname="testcases.SettingsTest" time="0.0">
    <skipped message="Could not start a new session. Response code 500. Message: An unknown server-side error occurred while processing the command. Original error: Device 06081330BT105920 was not in the list of connected devices &#10;Host info: host: &apos;DESKTOP-P3MLEV3&apos;, ip: &apos;192.168.100.68&apos;&#10;Build info: version: &apos;4.10.0&apos;, revision: &apos;c14d967899&apos;&#10;System info: os.name: &apos;Windows 10&apos;, os.arch: &apos;amd64&apos;, os.version: &apos;10.0&apos;, java.version: &apos;19.0.1&apos;&#10;Driver info: io.appium.java_client.android.AndroidDriver&#10;Command: [null, newSession {capabilities=[{appium:systemPort=9000, appium:udid=06081330BT105920, appium:autoGrantPermissions=true, appium:newCommandTimeout=90, platformName=ANDROID, appium:automationName=UIAutomator2, appium:app=C:\Users\Ensx-pc\eclipse-workspace\xPalApp\src\test\java\resources\app-debug.apk}], desiredCapabilities=Capabilities {appium:app: C:\Users\Ensx-pc\eclipse-wo..., appium:autoGrantPermissions: true, appium:automationName: UIAutomator2, appium:newCommandTimeout: 90, appium:systemPort: 9000, appium:udid: 06081330BT105920, platformName: ANDROID}}]&#10;Capabilities {appium:app: C:\Users\Ensx-pc\eclipse-wo..., appium:autoGrantPermissions: true, appium:automationName: UIAutomator2, appium:newCommandTimeout: 90, appium:systemPort: 9000, appium:udid: 06081330BT105920, platformName: ANDROID}"/>
  </testcase>
  <testcase name="disabletwoStepVerification" classname="testcases.SettingsTest" time="0.0">
    <skipped message="Could not start a new session. Response code 500. Message: An unknown server-side error occurred while processing the command. Original error: Device 06081330BT105920 was not in the list of connected devices &#10;Host info: host: &apos;DESKTOP-P3MLEV3&apos;, ip: &apos;192.168.100.68&apos;&#10;Build info: version: &apos;4.10.0&apos;, revision: &apos;c14d967899&apos;&#10;System info: os.name: &apos;Windows 10&apos;, os.arch: &apos;amd64&apos;, os.version: &apos;10.0&apos;, java.version: &apos;19.0.1&apos;&#10;Driver info: io.appium.java_client.android.AndroidDriver&#10;Command: [null, newSession {capabilities=[{appium:systemPort=9000, appium:udid=06081330BT105920, appium:autoGrantPermissions=true, appium:newCommandTimeout=90, platformName=ANDROID, appium:automationName=UIAutomator2, appium:app=C:\Users\Ensx-pc\eclipse-workspace\xPalApp\src\test\java\resources\app-debug.apk}], desiredCapabilities=Capabilities {appium:app: C:\Users\Ensx-pc\eclipse-wo..., appium:autoGrantPermissions: true, appium:automationName: UIAutomator2, appium:newCommandTimeout: 90, appium:systemPort: 9000, appium:udid: 06081330BT105920, platformName: ANDROID}}]&#10;Capabilities {appium:app: C:\Users\Ensx-pc\eclipse-wo..., appium:autoGrantPermissions: true, appium:automationName: UIAutomator2, appium:newCommandTimeout: 90, appium:systemPort: 9000, appium:udid: 06081330BT105920, platformName: ANDROID}"/>
  </testcase>
  <testcase name="enableReverse" classname="testcases.SettingsTest" time="0.0">
    <skipped message="Could not start a new session. Response code 500. Message: An unknown server-side error occurred while processing the command. Original error: Device 06081330BT105920 was not in the list of connected devices &#10;Host info: host: &apos;DESKTOP-P3MLEV3&apos;, ip: &apos;192.168.100.68&apos;&#10;Build info: version: &apos;4.10.0&apos;, revision: &apos;c14d967899&apos;&#10;System info: os.name: &apos;Windows 10&apos;, os.arch: &apos;amd64&apos;, os.version: &apos;10.0&apos;, java.version: &apos;19.0.1&apos;&#10;Driver info: io.appium.java_client.android.AndroidDriver&#10;Command: [null, newSession {capabilities=[{appium:systemPort=9000, appium:udid=06081330BT105920, appium:autoGrantPermissions=true, appium:newCommandTimeout=90, platformName=ANDROID, appium:automationName=UIAutomator2, appium:app=C:\Users\Ensx-pc\eclipse-workspace\xPalApp\src\test\java\resources\app-debug.apk}], desiredCapabilities=Capabilities {appium:app: C:\Users\Ensx-pc\eclipse-wo..., appium:autoGrantPermissions: true, appium:automationName: UIAutomator2, appium:newCommandTimeout: 90, appium:systemPort: 9000, appium:udid: 06081330BT105920, platformName: ANDROID}}]&#10;Capabilities {appium:app: C:\Users\Ensx-pc\eclipse-wo..., appium:autoGrantPermissions: true, appium:automationName: UIAutomator2, appium:newCommandTimeout: 90, appium:systemPort: 9000, appium:udid: 06081330BT105920, platformName: ANDROID}"/>
  </testcase>
  <testcase name="reversePin" classname="testcases.SettingsTest" time="0.0">
    <skipped message="Method testcases.SettingsTest.reversePin() on instance testcases.SettingsTest@59fd97a8 depends on not successfully finished methods &#10;[testcases.SettingsTest.enableReverse() on instance testcases.SettingsTest@59fd97a8]"/>
  </testcase>
  <testcase name="configureAppium" classname="testcases.SignOutTest" time="0.0">
    <skipped/>
  </testcase>
  <testcase name="configureAppium" classname="testcases.SignOutTest" time="0.0">
    <skipped/>
  </testcase>
  <testcase name="signOut" classname="testcases.SignOutTest" time="0.0">
    <skipped message="Could not start a new session. Response code 500. Message: An unknown server-side error occurred while processing the command. Original error: Device 06081330BT105920 was not in the list of connected devices &#10;Host info: host: &apos;DESKTOP-P3MLEV3&apos;, ip: &apos;192.168.100.68&apos;&#10;Build info: version: &apos;4.10.0&apos;, revision: &apos;c14d967899&apos;&#10;System info: os.name: &apos;Windows 10&apos;, os.arch: &apos;amd64&apos;, os.version: &apos;10.0&apos;, java.version: &apos;19.0.1&apos;&#10;Driver info: io.appium.java_client.android.AndroidDriver&#10;Command: [null, newSession {capabilities=[{appium:systemPort=9000, appium:udid=06081330BT105920, appium:autoGrantPermissions=true, appium:newCommandTimeout=90, platformName=ANDROID, appium:automationName=UIAutomator2, appium:app=C:\Users\Ensx-pc\eclipse-workspace\xPalApp\src\test\java\resources\app-debug.apk}], desiredCapabilities=Capabilities {appium:app: C:\Users\Ensx-pc\eclipse-wo..., appium:autoGrantPermissions: true, appium:automationName: UIAutomator2, appium:newCommandTimeout: 90, appium:systemPort: 9000, appium:udid: 06081330BT105920, platformName: ANDROID}}]&#10;Capabilities {appium:app: C:\Users\Ensx-pc\eclipse-wo..., appium:autoGrantPermissions: true, appium:automationName: UIAutomator2, appium:newCommandTimeout: 90, appium:systemPort: 9000, appium:udid: 06081330BT105920, platformName: ANDROID}"/>
  </testcase>
  <testcase name="tearDown" classname="testcases.SignOutTest" time="0.0">
    <skipped/>
  </testcase>
  <testcase name="tearDown" classname="testcases.SignOutTest" time="0.0">
    <skipped/>
  </testcase>
  <testcase name="switchAccount" classname="testcases.SignOutTest" time="0.0">
    <skipped message="Could not start a new session. Response code 500. Message: An unknown server-side error occurred while processing the command. Original error: Device 06081330BT105920 was not in the list of connected devices &#10;Host info: host: &apos;DESKTOP-P3MLEV3&apos;, ip: &apos;192.168.100.68&apos;&#10;Build info: version: &apos;4.10.0&apos;, revision: &apos;c14d967899&apos;&#10;System info: os.name: &apos;Windows 10&apos;, os.arch: &apos;amd64&apos;, os.version: &apos;10.0&apos;, java.version: &apos;19.0.1&apos;&#10;Driver info: io.appium.java_client.android.AndroidDriver&#10;Command: [null, newSession {capabilities=[{appium:systemPort=9000, appium:udid=06081330BT105920, appium:autoGrantPermissions=true, appium:newCommandTimeout=90, platformName=ANDROID, appium:automationName=UIAutomator2, appium:app=C:\Users\Ensx-pc\eclipse-workspace\xPalApp\src\test\java\resources\app-debug.apk}], desiredCapabilities=Capabilities {appium:app: C:\Users\Ensx-pc\eclipse-wo..., appium:autoGrantPermissions: true, appium:automationName: UIAutomator2, appium:newCommandTimeout: 90, appium:systemPort: 9000, appium:udid: 06081330BT105920, platformName: ANDROID}}]&#10;Capabilities {appium:app: C:\Users\Ensx-pc\eclipse-wo..., appium:autoGrantPermissions: true, appium:automationName: UIAutomator2, appium:newCommandTimeout: 90, appium:systemPort: 9000, appium:udid: 06081330BT105920, platformName: ANDROID}"/>
  </testcase>
</testsuite>