<?xml version="1.0" encoding="UTF-8"?>
<!-- Generated by org.testng.reporters.JUnitReportReporter -->
<testsuite hostname="DESKTOP-P3MLEV3" failures="0" tests="3" name="testcases.ResetPasswordTest" time="0.000" errors="0" timestamp="2023-06-09T21:14:54 PKT" skipped="3">
  <testcase classname="testcases.ResetPasswordTest" name="resetByQs" time="0.000">
    <skipped/>
  </testcase> <!-- resetByQs -->
  <system-out/>
  <testcase classname="testcases.ResetPasswordTest" name="resetByEmail" time="0.000">
    <skipped/>
  </testcase> <!-- resetByEmail -->
  <system-out/>
  <testcase classname="testcases.ResetPasswordTest" name="resetByPhrase" time="0.000">
    <skipped/>
  </testcase> <!-- resetByPhrase -->
  <system-out/>
</testsuite> <!-- testcases.ResetPasswordTest -->
