<?xml version="1.0" encoding="UTF-8"?>
<!-- Generated by org.testng.reporters.JUnitReportReporter -->
<testsuite hostname="DESKTOP-P3MLEV3" failures="0" tests="1" name="testcases.LoginTest" time="0.000" errors="0" timestamp="2023-06-09T21:14:54 PKT" skipped="1">
  <testcase classname="testcases.LoginTest" name="login" time="0.000">
    <skipped/>
  </testcase> <!-- login -->
  <system-out/>
</testsuite> <!-- testcases.LoginTest -->
