<?xml version="1.0" encoding="UTF-8"?>
<!-- Generated by org.testng.reporters.JUnitReportReporter -->
<testsuite hostname="DESKTOP-P3MLEV3" failures="0" tests="2" name="testcases.AddContactTest" time="0.000" errors="0" timestamp="2023-06-09T21:14:54 PKT" skipped="2">
  <testcase classname="testcases.AddContactTest" name="addContact" time="0.000">
    <skipped/>
  </testcase> <!-- addContact -->
  <system-out/>
  <testcase classname="testcases.AddContactTest" name="addContact" time="0.000">
    <skipped/>
  </testcase> <!-- addContact -->
  <system-out/>
</testsuite> <!-- testcases.AddContactTest -->
