<?xml version="1.0" encoding="UTF-8"?>
<!-- Generated by org.testng.reporters.JUnitReportReporter -->
<testsuite hostname="DESKTOP-P3MLEV3" failures="0" tests="6" name="testcases.PrivacyTest" time="0.000" errors="0" timestamp="2023-06-09T21:14:54 PKT" skipped="6">
  <testcase classname="testcases.PrivacyTest" name="unblock" time="0.000">
    <skipped/>
  </testcase> <!-- unblock -->
  <system-out/>
  <testcase classname="testcases.PrivacyTest" name="block" time="0.000">
    <skipped/>
  </testcase> <!-- block -->
  <system-out/>
  <testcase classname="testcases.PrivacyTest" name="isUnblocked" time="0.000">
    <skipped/>
  </testcase> <!-- isUnblocked -->
  <system-out/>
  <testcase classname="testcases.PrivacyTest" name="verifyBlockedList" time="0.000">
    <skipped/>
  </testcase> <!-- verifyBlockedList -->
  <system-out/>
  <testcase classname="testcases.PrivacyTest" name="setupPhrase" time="0.000">
    <skipped/>
  </testcase> <!-- setupPhrase -->
  <system-out/>
  <testcase classname="testcases.PrivacyTest" name="setupQuestions" time="0.000">
    <skipped/>
  </testcase> <!-- setupQuestions -->
  <system-out/>
</testsuite> <!-- testcases.PrivacyTest -->
