<?xml version="1.0" encoding="UTF-8"?>
<!-- Generated by org.testng.reporters.JUnitReportReporter -->
<testsuite hostname="DESKTOP-P3MLEV3" failures="0" tests="6" name="testcases.SettingsTest" time="0.000" errors="0" timestamp="2023-06-09T21:14:54 PKT" skipped="6">
  <testcase classname="testcases.SettingsTest" name="changePin" time="0.000">
    <skipped/>
  </testcase> <!-- changePin -->
  <system-out/>
  <testcase classname="testcases.SettingsTest" name="changePassword" time="0.000">
    <skipped/>
  </testcase> <!-- changePassword -->
  <system-out/>
  <testcase classname="testcases.SettingsTest" name="enabletwoStepVerification" time="0.000">
    <skipped/>
  </testcase> <!-- enabletwoStepVerification -->
  <system-out/>
  <testcase classname="testcases.SettingsTest" name="disabletwoStepVerification" time="0.000">
    <skipped/>
  </testcase> <!-- disabletwoStepVerification -->
  <system-out/>
  <testcase classname="testcases.SettingsTest" name="enableReverse" time="0.000">
    <skipped/>
  </testcase> <!-- enableReverse -->
  <system-out/>
  <testcase classname="testcases.SettingsTest" name="reversePin" time="0.000">
    <skipped/>
  </testcase> <!-- reversePin -->
  <system-out/>
</testsuite> <!-- testcases.SettingsTest -->
