<?xml version="1.0" encoding="UTF-8"?>
<!-- Generated by org.testng.reporters.JUnitReportReporter -->
<testsuite hostname="DESKTOP-P3MLEV3" failures="0" tests="2" name="testcases.RegisterTest" time="0.000" errors="0" timestamp="2023-06-09T21:14:54 PKT" skipped="2">
  <testcase classname="testcases.RegisterTest" name="Register" time="0.000">
    <skipped/>
  </testcase> <!-- Register -->
  <system-out/>
  <testcase classname="testcases.RegisterTest" name="invalidRegister" time="0.000">
    <skipped/>
  </testcase> <!-- invalidRegister -->
  <system-out/>
</testsuite> <!-- testcases.RegisterTest -->
