<?xml version="1.0" encoding="UTF-8"?>
<!-- Generated by org.testng.reporters.JUnitReportReporter -->
<testsuite hostname="DESKTOP-P3MLEV3" failures="0" tests="2" name="testcases.EditProfileTest" time="0.000" errors="0" timestamp="2023-06-09T21:14:54 PKT" skipped="2">
  <testcase classname="testcases.EditProfileTest" name="invalidProfileName" time="0.000">
    <skipped/>
  </testcase> <!-- invalidProfileName -->
  <system-out/>
  <testcase classname="testcases.EditProfileTest" name="editProfile" time="0.000">
    <skipped/>
  </testcase> <!-- editProfile -->
  <system-out/>
</testsuite> <!-- testcases.EditProfileTest -->
