<?xml version="1.0" encoding="UTF-8"?>
<!-- Generated by org.testng.reporters.JUnitReportReporter -->
<testsuite hostname="DESKTOP-P3MLEV3" failures="0" tests="10" name="testcases.ChatTest" time="0.002" errors="0" timestamp="2023-06-09T21:14:54 PKT" skipped="10">
  <testcase classname="testcases.ChatTest" name="shareContact" time="0.000">
    <skipped/>
  </testcase> <!-- shareContact -->
  <system-out/>
  <testcase classname="testcases.ChatTest" name="textMsg" time="0.001">
    <skipped/>
  </testcase> <!-- textMsg -->
  <system-out/>
  <testcase classname="testcases.ChatTest" name="captureImage" time="0.000">
    <skipped/>
  </testcase> <!-- captureImage -->
  <system-out/>
  <testcase classname="testcases.ChatTest" name="browseImage" time="0.000">
    <skipped/>
  </testcase> <!-- browseImage -->
  <system-out/>
  <testcase classname="testcases.ChatTest" name="browseMultiImage" time="0.001">
    <skipped/>
  </testcase> <!-- browseMultiImage -->
  <system-out/>
  <testcase classname="testcases.ChatTest" name="browseValidVideo" time="0.000">
    <skipped/>
  </testcase> <!-- browseValidVideo -->
  <system-out/>
  <testcase classname="testcases.ChatTest" name="captureVideo" time="0.000">
    <skipped/>
  </testcase> <!-- captureVideo -->
  <system-out/>
  <testcase classname="testcases.ChatTest" name="disappearingMsg" time="0.000">
    <skipped/>
  </testcase> <!-- disappearingMsg -->
  <system-out/>
  <testcase classname="testcases.ChatTest" name="disappearingImage" time="0.000">
    <skipped/>
  </testcase> <!-- disappearingImage -->
  <system-out/>
  <testcase classname="testcases.ChatTest" name="sendPendingMsg" time="0.000">
    <skipped/>
  </testcase> <!-- sendPendingMsg -->
  <system-out/>
</testsuite> <!-- testcases.ChatTest -->
