<?xml version="1.0" encoding="UTF-8"?>
<!-- Generated by org.testng.reporters.JUnitReportReporter -->
<testsuite hostname="DESKTOP-P3MLEV3" failures="0" tests="3" name="testcases.VideoCallTest" time="58.136" errors="1" timestamp="2023-06-09T21:14:54 PKT" skipped="2">
  <testcase classname="testcases.VideoCallTest" name="videoCall" time="0.000">
    <skipped/>
  </testcase> <!-- videoCall -->
  <system-out/>
  <testcase classname="testcases.VideoCallTest" name="Setup" time="58.136">
    <error message="Could not start a new session. Response code 500. Message: An unknown server-side error occurred while processing the command. Original error: Device 06081330BT105920 was not in the list of connected devices 
Host info: host: &#039;DESKTOP-P3MLEV3&#039;, ip: &#039;192.168.100.68&#039;
Build info: version: &#039;4.10.0&#039;, revision: &#039;c14d967899&#039;
System info: os.name: &#039;Windows 10&#039;, os.arch: &#039;amd64&#039;, os.version: &#039;10.0&#039;, java.version: &#039;19.0.1&#039;
Driver info: io.appium.java_client.android.AndroidDriver
Command: [null, newSession {capabilities=[{appium:systemPort=9000, appium:udid=06081330BT105920, appium:autoGrantPermissions=true, appium:newCommandTimeout=90, platformName=ANDROID, appium:automationName=UIAutomator2, appium:app=C:\Users\Ensx-pc\eclipse-workspace\xPalApp\src\test\java\resources\app-debug.apk}], desiredCapabilities=Capabilities {appium:app: C:\Users\Ensx-pc\eclipse-wo..., appium:autoGrantPermissions: true, appium:automationName: UIAutomator2, appium:newCommandTimeout: 90, appium:systemPort: 9000, appium:udid: 06081330BT105920, platformName: ANDROID}}]
Capabilities {appium:app: C:\Users\Ensx-pc\eclipse-wo..., appium:autoGrantPermissions: true, appium:automationName: UIAutomator2, appium:newCommandTimeout: 90, appium:systemPort: 9000, appium:udid: 06081330BT105920, platformName: ANDROID}" type="org.openqa.selenium.SessionNotCreatedException">
      <![CDATA[org.openqa.selenium.SessionNotCreatedException: Could not start a new session. Response code 500. Message: An unknown server-side error occurred while processing the command. Original error: Device 06081330BT105920 was not in the list of connected devices 
Host info: host: 'DESKTOP-P3MLEV3', ip: '192.168.100.68'
Build info: version: '4.10.0', revision: 'c14d967899'
System info: os.name: 'Windows 10', os.arch: 'amd64', os.version: '10.0', java.version: '19.0.1'
Driver info: io.appium.java_client.android.AndroidDriver
Command: [null, newSession {capabilities=[{appium:systemPort=9000, appium:udid=06081330BT105920, appium:autoGrantPermissions=true, appium:newCommandTimeout=90, platformName=ANDROID, appium:automationName=UIAutomator2, appium:app=C:\Users\Ensx-pc\eclipse-workspace\xPalApp\src\test\java\resources\app-debug.apk}], desiredCapabilities=Capabilities {appium:app: C:\Users\Ensx-pc\eclipse-wo..., appium:autoGrantPermissions: true, appium:automationName: UIAutomator2, appium:newCommandTimeout: 90, appium:systemPort: 9000, appium:udid: 06081330BT105920, platformName: ANDROID}}]
Capabilities {appium:app: C:\Users\Ensx-pc\eclipse-wo..., appium:autoGrantPermissions: true, appium:automationName: UIAutomator2, appium:newCommandTimeout: 90, appium:systemPort: 9000, appium:udid: 06081330BT105920, platformName: ANDROID}
at org.openqa.selenium.remote.ProtocolHandshake.createSession(ProtocolHandshake.java:140)
at java.base/jdk.internal.reflect.DirectMethodHandleAccessor.invoke(DirectMethodHandleAccessor.java:104)
at java.base/java.lang.reflect.Method.invoke(Method.java:578)
at io.appium.java_client.remote.AppiumProtocolHandshake.createSession(AppiumProtocolHandshake.java:133)
at io.appium.java_client.remote.AppiumProtocolHandshake.createSession(AppiumProtocolHandshake.java:102)
at io.appium.java_client.remote.AppiumCommandExecutor.createSession(AppiumCommandExecutor.java:194)
at io.appium.java_client.remote.AppiumCommandExecutor.execute(AppiumCommandExecutor.java:262)
at org.openqa.selenium.remote.RemoteWebDriver.execute(RemoteWebDriver.java:531)
at io.appium.java_client.AppiumDriver.startSession(AppiumDriver.java:229)
at org.openqa.selenium.remote.RemoteWebDriver.<init>(RemoteWebDriver.java:154)
at io.appium.java_client.AppiumDriver.<init>(AppiumDriver.java:80)
at io.appium.java_client.AppiumDriver.<init>(AppiumDriver.java:92)
at io.appium.java_client.android.AndroidDriver.<init>(AndroidDriver.java:117)
at testcases.VideoCallTest.Setup(VideoCallTest.java:59)
at java.base/jdk.internal.reflect.DirectMethodHandleAccessor.invoke(DirectMethodHandleAccessor.java:104)
at java.base/java.lang.reflect.Method.invoke(Method.java:578)
at org.testng.internal.invokers.MethodInvocationHelper.invokeMethod(MethodInvocationHelper.java:139)
at org.testng.internal.invokers.MethodInvocationHelper.invokeMethodConsideringTimeout(MethodInvocationHelper.java:69)
at org.testng.internal.invokers.ConfigInvoker.invokeConfigurationMethod(ConfigInvoker.java:361)
at org.testng.internal.invokers.ConfigInvoker.invokeConfigurations(ConfigInvoker.java:296)
at org.testng.TestRunner.invokeTestConfigurations(TestRunner.java:644)
at org.testng.TestRunner.beforeRun(TestRunner.java:633)
at org.testng.TestRunner.run(TestRunner.java:595)
at org.testng.SuiteRunner.runTest(SuiteRunner.java:437)
at org.testng.SuiteRunner.runSequentially(SuiteRunner.java:431)
at org.testng.SuiteRunner.privateRun(SuiteRunner.java:391)
at org.testng.SuiteRunner.run(SuiteRunner.java:330)
at org.testng.SuiteRunnerWorker.runSuite(SuiteRunnerWorker.java:52)
at org.testng.SuiteRunnerWorker.run(SuiteRunnerWorker.java:95)
at org.testng.TestNG.runSuitesSequentially(TestNG.java:1256)
at org.testng.TestNG.runSuitesLocally(TestNG.java:1176)
at org.testng.TestNG.runSuites(TestNG.java:1099)
at org.testng.TestNG.run(TestNG.java:1067)
at org.apache.maven.surefire.testng.TestNGExecutor.run(TestNGExecutor.java:155)
at org.apache.maven.surefire.testng.TestNGDirectoryTestSuite.executeMulti(TestNGDirectoryTestSuite.java:169)
at org.apache.maven.surefire.testng.TestNGDirectoryTestSuite.execute(TestNGDirectoryTestSuite.java:88)
at org.apache.maven.surefire.testng.TestNGProvider.invoke(TestNGProvider.java:137)
at org.apache.maven.surefire.booter.ForkedBooter.runSuitesInProcess(ForkedBooter.java:385)
at org.apache.maven.surefire.booter.ForkedBooter.execute(ForkedBooter.java:162)
at org.apache.maven.surefire.booter.ForkedBooter.run(ForkedBooter.java:507)
at org.apache.maven.surefire.booter.ForkedBooter.main(ForkedBooter.java:495)
]]>
    </error>
  </testcase> <!-- Setup -->
  <system-out/>
  <testcase classname="testcases.VideoCallTest" name="videoCallDuration" time="0.000">
    <skipped/>
  </testcase> <!-- videoCallDuration -->
  <system-out/>
</testsuite> <!-- testcases.VideoCallTest -->
