<?xml version="1.0" encoding="UTF-8"?>
<!-- Generated by org.testng.reporters.JUnitReportReporter -->
<testsuite hostname="DESKTOP-P3MLEV3" failures="0" tests="2" name="testcases.ChatErrorValidationsTest" time="0.000" errors="0" timestamp="2023-06-09T21:14:54 PKT" skipped="2">
  <testcase classname="testcases.ChatErrorValidationsTest" name="selectMoreThan4Images" time="0.000">
    <skipped/>
  </testcase> <!-- selectMoreThan4Images -->
  <system-out/>
  <testcase classname="testcases.ChatErrorValidationsTest" name="browseInvalidVideo" time="0.000">
    <skipped/>
  </testcase> <!-- browseInvalidVideo -->
  <system-out/>
</testsuite> <!-- testcases.ChatErrorValidationsTest -->
